<?xml version="1.0" encoding="UTF-8"?>
<TestRun id="bd45fd15-8a6d-471a-8779-765ee59117f2" name="Julia.Reshetnikova@UNIT-539 2014-09-09 13:57:28" runUser="LABS\Julia.Reshetnikova" xmlns="http://microsoft.com/schemas/VisualStudio/TeamTest/2010">
  <Times creation="2014-09-09T13:57:28.3398612+04:00" queuing="2014-09-09T13:57:28.3398612+04:00" start="2014-09-09T13:57:28.3458667+04:00" finish="2014-09-09T13:58:13.9140442+04:00" />
  <TestSettings name="default" id="1b3005c7-a948-4972-bdbb-d2c0432c6dff">
    <Execution>
      <TestTypeSpecific />
    </Execution>
    <Deployment runDeploymentRoot="Julia.Reshetnikova_UNIT-539 2014-09-09 13_57_28" />
    <Properties />
  </TestSettings>
  <Results>
    <UnitTestResult executionId="ac10fdc6-5d1b-4ad6-844a-6cca00544666" testId="24c952a0-7956-4996-1aed-46018bb0aa9f" testName="Test1" computerName="UNIT-539" duration="00:00:00.0035613" startTime="2014-09-09T13:57:28.2077388+04:00" endTime="2014-09-09T13:57:28.2367660+04:00" testType="13cdc9d9-ddb5-4fa4-a97d-d965ccfc6d4b" outcome="Passed" testListId="8c84fa94-04c1-424b-9868-57a2d4851a1d" relativeResultsDirectory="ac10fdc6-5d1b-4ad6-844a-6cca00544666">
      <Output>
        <StdOut>This is Test1. It should pass.</StdOut>
      </Output>
    </UnitTestResult>
    <UnitTestResult executionId="a88abca5-ded4-4bff-8d69-8e2fb48b3afe" testId="5fb0fcad-d8bd-a851-410f-7c07ca14bdfe" testName="Test2" computerName="UNIT-539" duration="00:00:00.0103335" startTime="2014-09-09T13:57:28.2457744+04:00" endTime="2014-09-09T13:57:28.2567844+04:00" testType="13cdc9d9-ddb5-4fa4-a97d-d965ccfc6d4b" outcome="Failed" testListId="8c84fa94-04c1-424b-9868-57a2d4851a1d" relativeResultsDirectory="a88abca5-ded4-4bff-8d69-8e2fb48b3afe">
      <Output>
        <StdOut>This is Test2. It should fail</StdOut>
        <ErrorInfo>
          <Message>Assert.Fail failed. Yep, it it screwed!</Message>
          <StackTrace>   at VSTestTRX.Package1.Test2() in d:\TeamCity\9\31567\buildAgent\work\d880c2a319ad14dc\VSTestTRX\Package1.cs:line 19
</StackTrace>
        </ErrorInfo>
      </Output>
    </UnitTestResult>
    <UnitTestResult executionId="f439cc08-01db-473f-8db4-65b0f5ddf3bb" testId="9f17d7c4-2399-ce95-df3d-6d5a1fff3ca8" testName="TestEpicFail" computerName="UNIT-539" duration="00:00:00.0002171" startTime="2014-09-09T13:57:28.2567844+04:00" endTime="2014-09-09T13:57:28.2577849+04:00" testType="13cdc9d9-ddb5-4fa4-a97d-d965ccfc6d4b" outcome="Passed" testListId="8c84fa94-04c1-424b-9868-57a2d4851a1d" relativeResultsDirectory="f439cc08-01db-473f-8db4-65b0f5ddf3bb">
      <Output>
        <StdOut>This is Test3. It should provide epic fail
   at VSTestTRX.Package1.TestEpicFail() in d:\TeamCity\9\31567\buildAgent\work\d880c2a319ad14dc\VSTestTRX\Package1.cs:line 28</StdOut>
      </Output>
    </UnitTestResult>
    <UnitTestResult executionId="24786bbb-cc13-4b62-9342-f5621d3ca591" testId="41056694-aa43-f68c-a446-38ce179ab23b" testName="TestLotsOfOutputStdOut0" computerName="UNIT-539" duration="00:00:00.0002954" startTime="2014-09-09T13:57:28.2577849+04:00" endTime="2014-09-09T13:57:28.2577849+04:00" testType="13cdc9d9-ddb5-4fa4-a97d-d965ccfc6d4b" outcome="Passed" testListId="8c84fa94-04c1-424b-9868-57a2d4851a1d" relativeResultsDirectory="24786bbb-cc13-4b62-9342-f5621d3ca591">
      <Output>
        <StdOut>Output line: 0
Output line: 1
Output line: 2
Output line: 3
Output line: 4
Output line: 5
Output line: 6
Output line: 7
Output line: 8
Output line: 9
Output line: 10
Output line: 11
Output line: 12
Output line: 13
Output line: 14
Output line: 15
Output line: 16
Output line: 17
Output line: 18
Output line: 19
Output line: 20
Output line: 21
Output line: 22
Output line: 23
Output line: 24
Output line: 25
Output line: 26
Output line: 27
Output line: 28
Output line: 29
Output line: 30
Output line: 31
Output line: 32
Output line: 33
Output line: 34
Output line: 35
Output line: 36
Output line: 37
Output line: 38
Output line: 39
Output line: 40
Output line: 41
Output line: 42
Output line: 43
Output line: 44
Output line: 45
Output line: 46
Output line: 47
Output line: 48
Output line: 49
Output line: 50
Output line: 51
Output line: 52
Output line: 53
Output line: 54
Output line: 55
Output line: 56
Output line: 57
Output line: 58
Output line: 59
Output line: 60
Output line: 61
Output line: 62
Output line: 63
Output line: 64
Output line: 65
Output line: 66
Output line: 67
Output line: 68
Output line: 69
Output line: 70
Output line: 71
Output line: 72
Output line: 73
Output line: 74
Output line: 75
Output line: 76
Output line: 77
Output line: 78
Output line: 79
Output line: 80
Output line: 81
Output line: 82
Output line: 83
Output line: 84
Output line: 85
Output line: 86
Output line: 87
Output line: 88
Output line: 89
Output line: 90
Output line: 91
Output line: 92
Output line: 93
Output line: 94
Output line: 95
Output line: 96
Output line: 97
Output line: 98
Output line: 99
Output line: 100
Output line: 101
Output line: 102
Output line: 103
Output line: 104
Output line: 105
Output line: 106
Output line: 107
Output line: 108
Output line: 109
Output line: 110
Output line: 111
Output line: 112
Output line: 113
Output line: 114
Output line: 115
Output line: 116
Output line: 117
Output line: 118
Output line: 119
Output line: 120
Output line: 121
Output line: 122
Output line: 123
Output line: 124
Output line: 125
Output line: 126
Output line: 127
Output line: 128
Output line: 129
Output line: 130
Output line: 131
Output line: 132
Output line: 133
Output line: 134
Output line: 135
Output line: 136
Output line: 137
Output line: 138
Output line: 139
Output line: 140
Output line: 141
Output line: 142
Output line: 143
Output line: 144
Output line: 145
Output line: 146
Output line: 147
Output line: 148
Output line: 149
Output line: 150
Output line: 151
Output line: 152
Output line: 153
Output line: 154
Output line: 155
Output line: 156
Output line: 157
Output line: 158
Output line: 159
Output line: 160
Output line: 161
Output line: 162
Output line: 163
Output line: 164
Output line: 165
Output line: 166
Output line: 167
Output line: 168
Output line: 169
Output line: 170
Output line: 171
Output line: 172
Output line: 173
Output line: 174
Output line: 175
Output line: 176
Output line: 177
Output line: 178
Output line: 179
Output line: 180
Output line: 181
Output line: 182
Output line: 183
Output line: 184
Output line: 185
Output line: 186
Output line: 187
Output line: 188
Output line: 189
Output line: 190
Output line: 191
Output line: 192
Output line: 193
Output line: 194
Output line: 195
Output line: 196
Output line: 197
Output line: 198
Output line: 199
Output line: 200
Output line: 201
Output line: 202
Output line: 203
Output line: 204
Output line: 205
Output line: 206
Output line: 207
Output line: 208
Output line: 209
Output line: 210
Output line: 211
Output line: 212
Output line: 213
Output line: 214
Output line: 215
Output line: 216
Output line: 217
Output line: 218
Output line: 219
Output line: 220
Output line: 221
Output line: 222
Output line: 223
Output line: 224
Output line: 225
Output line: 226
Output line: 227
Output line: 228
Output line: 229
Output line: 230
Output line: 231
Output line: 232
Output line: 233
Output line: 234
Output line: 235
Output line: 236
Output line: 237
Output line: 238
Output line: 239
Output line: 240
Output line: 241
Output line: 242
Output line: 243
Output line: 244
Output line: 245
Output line: 246
Output line: 247
Output line: 248
Output line: 249
Output line: 250
Output line: 251
Output line: 252
Output line: 253
Output line: 254
Output line: 255
Output line: 256
Output line: 257
Output line: 258
Output line: 259
Output line: 260
Output line: 261
Output line: 262
Output line: 263
Output line: 264
Output line: 265
Output line: 266
Output line: 267
Output line: 268
Output line: 269
Output line: 270
Output line: 271
Output line: 272
Output line: 273
Output line: 274
Output line: 275
Output line: 276
Output line: 277
Output line: 278
Output line: 279
Output line: 280
Output line: 281
Output line: 282
Output line: 283
Output line: 284
Output line: 285
Output line: 286
Output line: 287
Output line: 288
Output line: 289
Output line: 290
Output line: 291
Output line: 292
Output line: 293
Output line: 294
Output line: 295
Output line: 296
Output line: 297
Output line: 298
Output line: 299
Output line: 300
Output line: 301
Output line: 302
Output line: 303
Output line: 304
Output line: 305
Output line: 306
Output line: 307
Output line: 308
Output line: 309
Output line: 310
Output line: 311
Output line: 312
Output line: 313
Output line: 314
Output line: 315
Output line: 316
Output line: 317
Output line: 318
Output line: 319
Output line: 320
Output line: 321
Output line: 322
Output line: 323
Output line: 324
Output line: 325
Output line: 326
Output line: 327
Output line: 328
Output line: 329
Output line: 330
Output line: 331
Output line: 332
Output line: 333
Output line: 334
Output line: 335
Output line: 336
Output line: 337
Output line: 338
Output line: 339
Output line: 340
Output line: 341
Output line: 342
Output line: 343
Output line: 344
Output line: 345
Output line: 346
Output line: 347
Output line: 348
Output line: 349
Output line: 350
Output line: 351
Output line: 352
Output line: 353
Output line: 354
Output line: 355
Output line: 356
Output line: 357
Output line: 358
Output line: 359
Output line: 360
Output line: 361
Output line: 362
Output line: 363
Output line: 364
Output line: 365
Output line: 366
Output line: 367
Output line: 368
Output line: 369
Output line: 370
Output line: 371
Output line: 372
Output line: 373
Output line: 374
Output line: 375
Output line: 376
Output line: 377
Output line: 378
Output line: 379
Output line: 380
Output line: 381
Output line: 382
Output line: 383
Output line: 384
Output line: 385
Output line: 386
Output line: 387
Output line: 388
Output line: 389
Output line: 390
Output line: 391
Output line: 392
Output line: 393
Output line: 394
Output line: 395
Output line: 396
Output line: 397
Output line: 398
Output line: 399
Output line: 400
Output line: 401
Output line: 402
Output line: 403
Output line: 404
Output line: 405
Output line: 406
Output line: 407
Output line: 408
Output line: 409
Output line: 410
Output line: 411
Output line: 412
Output line: 413
Output line: 414
Output line: 415
Output line: 416
Output line: 417
Output line: 418
Output line: 419
Output line: 420
Output line: 421
Output line: 422
Output line: 423
Output line: 424
Output line: 425
Output line: 426
Output line: 427
Output line: 428
Output line: 429
Output line: 430
Output line: 431
Output line: 432
Output line: 433
Output line: 434
Output line: 435
Output line: 436
Output line: 437
Output line: 438
Output line: 439
Output line: 440
Output line: 441
Output line: 442
Output line: 443
Output line: 444
Output line: 445
Output line: 446
Output line: 447
Output line: 448
Output line: 449
Output line: 450
Output line: 451
Output line: 452
Output line: 453
Output line: 454
Output line: 455
Output line: 456
Output line: 457
Output line: 458
Output line: 459
Output line: 460
Output line: 461
Output line: 462
Output line: 463
Output line: 464
Output line: 465
Output line: 466
Output line: 467
Output line: 468
Output line: 469
Output line: 470
Output line: 471
Output line: 472
Output line: 473
Output line: 474
Output line: 475
Output line: 476
Output line: 477
Output line: 478
Output line: 479
Output line: 480
Output line: 481
Output line: 482
Output line: 483
Output line: 484
Output line: 485
Output line: 486
Output line: 487
Output line: 488
Output line: 489
Output line: 490
Output line: 491
Output line: 492
Output line: 493
Output line: 494
Output line: 495
Output line: 496
Output line: 497
Output line: 498
Output line: 499
Output line: 500
Output line: 501
Output line: 502
Output line: 503
Output line: 504
Output line: 505
Output line: 506
Output line: 507
Output line: 508
Output line: 509
Output line: 510
Output line: 511
Output line: 512
Output line: 513
Output line: 514
Output line: 515
Output line: 516
Output line: 517
Output line: 518
Output line: 519
Output line: 520
Output line: 521
Output line: 522
Output line: 523
Output line: 524
Output line: 525
Output line: 526
Output line: 527
Output line: 528
Output line: 529
Output line: 530
Output line: 531
Output line: 532
Output line: 533
Output line: 534
Output line: 535
Output line: 536
Output line: 537
Output line: 538
Output line: 539
Output line: 540
Output line: 541
Output line: 542
Output line: 543
Output line: 544
Output line: 545
Output line: 546
Output line: 547
Output line: 548
Output line: 549
Output line: 550
Output line: 551
Output line: 552
Output line: 553
Output line: 554
Output line: 555
Output line: 556
Output line: 557
Output line: 558
Output line: 559
Output line: 560
Output line: 561
Output line: 562
Output line: 563
Output line: 564
Output line: 565
Output line: 566
Output line: 567
Output line: 568
Output line: 569
Output line: 570
Output line: 571
Output line: 572
Output line: 573
Output line: 574
Output line: 575
Output line: 576
Output line: 577
Output line: 578
Output line: 579
Output line: 580
Output line: 581
Output line: 582
Output line: 583
Output line: 584
Output line: 585
Output line: 586
Output line: 587
Output line: 588
Output line: 589
Output line: 590
Output line: 591
Output line: 592
Output line: 593
Output line: 594
Output line: 595
Output line: 596
Output line: 597
Output line: 598
Output line: 599
Output line: 600
Output line: 601
Output line: 602
Output line: 603
Output line: 604
Output line: 605
Output line: 606
Output line: 607
Output line: 608
Output line: 609
Output line: 610
Output line: 611
Output line: 612
Output line: 613
Output line: 614
Output line: 615
Output line: 616
Output line: 617
Output line: 618
Output line: 619
Output line: 620
Output line: 621
Output line: 622
Output line: 623
Output line: 624
Output line: 625
Output line: 626
Output line: 627
Output line: 628
Output line: 629
Output line: 630
Output line: 631
Output line: 632
Output line: 633
Output line: 634
Output line: 635
Output line: 636
Output line: 637
Output line: 638
Output line: 639
Output line: 640
Output line: 641
Output line: 642
Output line: 643
Output line: 644
Output line: 645
Output line: 646
Output line: 647
Output line: 648
Output line: 649
Output line: 650
Output line: 651
Output line: 652
Output line: 653
Output line: 654
Output line: 655
Output line: 656
Output line: 657
Output line: 658
Output line: 659
Output line: 660
Output line: 661
Output line: 662
Output line: 663
Output line: 664
Output line: 665
Output line: 666
Output line: 667
Output line: 668
Output line: 669
Output line: 670
Output line: 671
Output line: 672
Output line: 673
Output line: 674
Output line: 675
Output line: 676
Output line: 677
Output line: 678
Output line: 679
Output line: 680
Output line: 681
Output line: 682
Output line: 683
Output line: 684
Output line: 685
Output line: 686
Output line: 687
Output line: 688
Output line: 689
Output line: 690
Output line: 691
Output line: 692
Output line: 693
Output line: 694
Output line: 695
Output line: 696
Output line: 697
Output line: 698
Output line: 699
Output line: 700
Output line: 701
Output line: 702
Output line: 703
Output line: 704
Output line: 705
Output line: 706
Output line: 707
Output line: 708
Output line: 709
Output line: 710
Output line: 711
Output line: 712
Output line: 713
Output line: 714
Output line: 715
Output line: 716
Output line: 717
Output line: 718
Output line: 719
Output line: 720
Output line: 721
Output line: 722
Output line: 723
Output line: 724
Output line: 725
Output line: 726
Output line: 727
Output line: 728
Output line: 729
Output line: 730
Output line: 731
Output line: 732
Output line: 733
Output line: 734
Output line: 735
Output line: 736
Output line: 737
Output line: 738
Output line: 739
Output line: 740
Output line: 741
Output line: 742
Output line: 743
Output line: 744
Output line: 745
Output line: 746
Output line: 747
Output line: 748
Output line: 749
Output line: 750
Output line: 751
Output line: 752
Output line: 753
Output line: 754
Output line: 755
Output line: 756
Output line: 757
Output line: 758
Output line: 759
Output line: 760
Output line: 761
Output line: 762
Output line: 763
Output line: 764
Output line: 765
Output line: 766
Output line: 767
Output line: 768
Output line: 769
Output line: 770
Output line: 771
Output line: 772
Output line: 773
Output line: 774
Output line: 775
Output line: 776
Output line: 777
Output line: 778
Output line: 779
Output line: 780
Output line: 781
Output line: 782
Output line: 783
Output line: 784
Output line: 785
Output line: 786
Output line: 787
Output line: 788
Output line: 789
Output line: 790
Output line: 791
Output line: 792
Output line: 793
Output line: 794
Output line: 795
Output line: 796
Output line: 797
Output line: 798
Output line: 799
Output line: 800
Output line: 801
Output line: 802
Output line: 803
Output line: 804
Output line: 805
Output line: 806
Output line: 807
Output line: 808
Output line: 809
Output line: 810
Output line: 811
Output line: 812
Output line: 813
Output line: 814
Output line: 815
Output line: 816
Output line: 817
Output line: 818
Output line: 819
Output line: 820
Output line: 821
Output line: 822
Output line: 823
Output line: 824
Output line: 825
Output line: 826
Output line: 827
Output line: 828
Output line: 829
Output line: 830
Output line: 831
Output line: 832
Output line: 833
Output line: 834
Output line: 835
Output line: 836
Output line: 837
Output line: 838
Output line: 839
Output line: 840
Output line: 841
Output line: 842
Output line: 843
Output line: 844
Output line: 845
Output line: 846
Output line: 847
Output line: 848
Output line: 849
Output line: 850
Output line: 851
Output line: 852
Output line: 853
Output line: 854
Output line: 855
Output line: 856
Output line: 857
Output line: 858
Output line: 859
Output line: 860
Output line: 861
Output line: 862
Output line: 863
Output line: 864
Output line: 865
Output line: 866
Output line: 867
Output line: 868
Output line: 869
Output line: 870
Output line: 871
Output line: 872
Output line: 873
Output line: 874
Output line: 875
Output line: 876
Output line: 877
Output line: 878
Output line: 879
Output line: 880
Output line: 881
Output line: 882
Output line: 883
Output line: 884
Output line: 885
Output line: 886
Output line: 887
Output line: 888
Output line: 889
Output line: 890
Output line: 891
Output line: 892
Output line: 893
Output line: 894
Output line: 895
Output line: 896
Output line: 897
Output line: 898
Output line: 899
Output line: 900
Output line: 901
Output line: 902
Output line: 903
Output line: 904
Output line: 905
Output line: 906
Output line: 907
Output line: 908
Output line: 909
Output line: 910
Output line: 911
Output line: 912
Output line: 913
Output line: 914
Output line: 915
Output line: 916
Output line: 917
Output line: 918
Output line: 919
Output line: 920
Output line: 921
Output line: 922
Output line: 923
Output line: 924
Output line: 925
Output line: 926
Output line: 927
Output line: 928
Output line: 929
Output line: 930
Output line: 931
Output line: 932
Output line: 933
Output line: 934
Output line: 935
Output line: 936
Output line: 937
Output line: 938
Output line: 939
Output line: 940
Output line: 941
Output line: 942
Output line: 943
Output line: 944
Output line: 945
Output line: 946
Output line: 947
Output line: 948
Output line: 949
Output line: 950
Output line: 951
Output line: 952
Output line: 953
Output line: 954
Output line: 955
Output line: 956
Output line: 957
Output line: 958
Output line: 959
Output line: 960
Output line: 961
Output line: 962
Output line: 963
Output line: 964
Output line: 965
Output line: 966
Output line: 967
Output line: 968
Output line: 969
Output line: 970
Output line: 971
Output line: 972
Output line: 973
Output line: 974
Output line: 975
Output line: 976
Output line: 977
Output line: 978
Output line: 979
Output line: 980
Output line: 981
Output line: 982
Output line: 983
Output line: 984
Output line: 985
Output line: 986
Output line: 987
Output line: 988
Output line: 989
Output line: 990
Output line: 991
Output line: 992
Output line: 993
Output line: 994
Output line: 995
Output line: 996
Output line: 997
Output line: 998
Output line: 999</StdOut>
      </Output>
    </UnitTestResult>
    <UnitTestResult executionId="c2c57e0e-d1f1-473f-a215-8c72c63b86de" testId="3d085fa4-5ed0-6437-f2d1-69ccc86cd1eb" testName="TestLotsOfOutputStdOut1" computerName="UNIT-539" duration="00:00:00.0002867" startTime="2014-09-09T13:57:28.2577849+04:00" endTime="2014-09-09T13:57:28.2587857+04:00" testType="13cdc9d9-ddb5-4fa4-a97d-d965ccfc6d4b" outcome="Passed" testListId="8c84fa94-04c1-424b-9868-57a2d4851a1d" relativeResultsDirectory="c2c57e0e-d1f1-473f-a215-8c72c63b86de">
      <Output>
        <StdOut>Output line: 0
Output line: 1
Output line: 2
Output line: 3
Output line: 4
Output line: 5
Output line: 6
Output line: 7
Output line: 8
Output line: 9
Output line: 10
Output line: 11
Output line: 12
Output line: 13
Output line: 14
Output line: 15
Output line: 16
Output line: 17
Output line: 18
Output line: 19
Output line: 20
Output line: 21
Output line: 22
Output line: 23
Output line: 24
Output line: 25
Output line: 26
Output line: 27
Output line: 28
Output line: 29
Output line: 30
Output line: 31
Output line: 32
Output line: 33
Output line: 34
Output line: 35
Output line: 36
Output line: 37
Output line: 38
Output line: 39
Output line: 40
Output line: 41
Output line: 42
Output line: 43
Output line: 44
Output line: 45
Output line: 46
Output line: 47
Output line: 48
Output line: 49
Output line: 50
Output line: 51
Output line: 52
Output line: 53
Output line: 54
Output line: 55
Output line: 56
Output line: 57
Output line: 58
Output line: 59
Output line: 60
Output line: 61
Output line: 62
Output line: 63
Output line: 64
Output line: 65
Output line: 66
Output line: 67
Output line: 68
Output line: 69
Output line: 70
Output line: 71
Output line: 72
Output line: 73
Output line: 74
Output line: 75
Output line: 76
Output line: 77
Output line: 78
Output line: 79
Output line: 80
Output line: 81
Output line: 82
Output line: 83
Output line: 84
Output line: 85
Output line: 86
Output line: 87
Output line: 88
Output line: 89
Output line: 90
Output line: 91
Output line: 92
Output line: 93
Output line: 94
Output line: 95
Output line: 96
Output line: 97
Output line: 98
Output line: 99
Output line: 100
Output line: 101
Output line: 102
Output line: 103
Output line: 104
Output line: 105
Output line: 106
Output line: 107
Output line: 108
Output line: 109
Output line: 110
Output line: 111
Output line: 112
Output line: 113
Output line: 114
Output line: 115
Output line: 116
Output line: 117
Output line: 118
Output line: 119
Output line: 120
Output line: 121
Output line: 122
Output line: 123
Output line: 124
Output line: 125
Output line: 126
Output line: 127
Output line: 128
Output line: 129
Output line: 130
Output line: 131
Output line: 132
Output line: 133
Output line: 134
Output line: 135
Output line: 136
Output line: 137
Output line: 138
Output line: 139
Output line: 140
Output line: 141
Output line: 142
Output line: 143
Output line: 144
Output line: 145
Output line: 146
Output line: 147
Output line: 148
Output line: 149
Output line: 150
Output line: 151
Output line: 152
Output line: 153
Output line: 154
Output line: 155
Output line: 156
Output line: 157
Output line: 158
Output line: 159
Output line: 160
Output line: 161
Output line: 162
Output line: 163
Output line: 164
Output line: 165
Output line: 166
Output line: 167
Output line: 168
Output line: 169
Output line: 170
Output line: 171
Output line: 172
Output line: 173
Output line: 174
Output line: 175
Output line: 176
Output line: 177
Output line: 178
Output line: 179
Output line: 180
Output line: 181
Output line: 182
Output line: 183
Output line: 184
Output line: 185
Output line: 186
Output line: 187
Output line: 188
Output line: 189
Output line: 190
Output line: 191
Output line: 192
Output line: 193
Output line: 194
Output line: 195
Output line: 196
Output line: 197
Output line: 198
Output line: 199
Output line: 200
Output line: 201
Output line: 202
Output line: 203
Output line: 204
Output line: 205
Output line: 206
Output line: 207
Output line: 208
Output line: 209
Output line: 210
Output line: 211
Output line: 212
Output line: 213
Output line: 214
Output line: 215
Output line: 216
Output line: 217
Output line: 218
Output line: 219
Output line: 220
Output line: 221
Output line: 222
Output line: 223
Output line: 224
Output line: 225
Output line: 226
Output line: 227
Output line: 228
Output line: 229
Output line: 230
Output line: 231
Output line: 232
Output line: 233
Output line: 234
Output line: 235
Output line: 236
Output line: 237
Output line: 238
Output line: 239
Output line: 240
Output line: 241
Output line: 242
Output line: 243
Output line: 244
Output line: 245
Output line: 246
Output line: 247
Output line: 248
Output line: 249
Output line: 250
Output line: 251
Output line: 252
Output line: 253
Output line: 254
Output line: 255
Output line: 256
Output line: 257
Output line: 258
Output line: 259
Output line: 260
Output line: 261
Output line: 262
Output line: 263
Output line: 264
Output line: 265
Output line: 266
Output line: 267
Output line: 268
Output line: 269
Output line: 270
Output line: 271
Output line: 272
Output line: 273
Output line: 274
Output line: 275
Output line: 276
Output line: 277
Output line: 278
Output line: 279
Output line: 280
Output line: 281
Output line: 282
Output line: 283
Output line: 284
Output line: 285
Output line: 286
Output line: 287
Output line: 288
Output line: 289
Output line: 290
Output line: 291
Output line: 292
Output line: 293
Output line: 294
Output line: 295
Output line: 296
Output line: 297
Output line: 298
Output line: 299
Output line: 300
Output line: 301
Output line: 302
Output line: 303
Output line: 304
Output line: 305
Output line: 306
Output line: 307
Output line: 308
Output line: 309
Output line: 310
Output line: 311
Output line: 312
Output line: 313
Output line: 314
Output line: 315
Output line: 316
Output line: 317
Output line: 318
Output line: 319
Output line: 320
Output line: 321
Output line: 322
Output line: 323
Output line: 324
Output line: 325
Output line: 326
Output line: 327
Output line: 328
Output line: 329
Output line: 330
Output line: 331
Output line: 332
Output line: 333
Output line: 334
Output line: 335
Output line: 336
Output line: 337
Output line: 338
Output line: 339
Output line: 340
Output line: 341
Output line: 342
Output line: 343
Output line: 344
Output line: 345
Output line: 346
Output line: 347
Output line: 348
Output line: 349
Output line: 350
Output line: 351
Output line: 352
Output line: 353
Output line: 354
Output line: 355
Output line: 356
Output line: 357
Output line: 358
Output line: 359
Output line: 360
Output line: 361
Output line: 362
Output line: 363
Output line: 364
Output line: 365
Output line: 366
Output line: 367
Output line: 368
Output line: 369
Output line: 370
Output line: 371
Output line: 372
Output line: 373
Output line: 374
Output line: 375
Output line: 376
Output line: 377
Output line: 378
Output line: 379
Output line: 380
Output line: 381
Output line: 382
Output line: 383
Output line: 384
Output line: 385
Output line: 386
Output line: 387
Output line: 388
Output line: 389
Output line: 390
Output line: 391
Output line: 392
Output line: 393
Output line: 394
Output line: 395
Output line: 396
Output line: 397
Output line: 398
Output line: 399
Output line: 400
Output line: 401
Output line: 402
Output line: 403
Output line: 404
Output line: 405
Output line: 406
Output line: 407
Output line: 408
Output line: 409
Output line: 410
Output line: 411
Output line: 412
Output line: 413
Output line: 414
Output line: 415
Output line: 416
Output line: 417
Output line: 418
Output line: 419
Output line: 420
Output line: 421
Output line: 422
Output line: 423
Output line: 424
Output line: 425
Output line: 426
Output line: 427
Output line: 428
Output line: 429
Output line: 430
Output line: 431
Output line: 432
Output line: 433
Output line: 434
Output line: 435
Output line: 436
Output line: 437
Output line: 438
Output line: 439
Output line: 440
Output line: 441
Output line: 442
Output line: 443
Output line: 444
Output line: 445
Output line: 446
Output line: 447
Output line: 448
Output line: 449
Output line: 450
Output line: 451
Output line: 452
Output line: 453
Output line: 454
Output line: 455
Output line: 456
Output line: 457
Output line: 458
Output line: 459
Output line: 460
Output line: 461
Output line: 462
Output line: 463
Output line: 464
Output line: 465
Output line: 466
Output line: 467
Output line: 468
Output line: 469
Output line: 470
Output line: 471
Output line: 472
Output line: 473
Output line: 474
Output line: 475
Output line: 476
Output line: 477
Output line: 478
Output line: 479
Output line: 480
Output line: 481
Output line: 482
Output line: 483
Output line: 484
Output line: 485
Output line: 486
Output line: 487
Output line: 488
Output line: 489
Output line: 490
Output line: 491
Output line: 492
Output line: 493
Output line: 494
Output line: 495
Output line: 496
Output line: 497
Output line: 498
Output line: 499
Output line: 500
Output line: 501
Output line: 502
Output line: 503
Output line: 504
Output line: 505
Output line: 506
Output line: 507
Output line: 508
Output line: 509
Output line: 510
Output line: 511
Output line: 512
Output line: 513
Output line: 514
Output line: 515
Output line: 516
Output line: 517
Output line: 518
Output line: 519
Output line: 520
Output line: 521
Output line: 522
Output line: 523
Output line: 524
Output line: 525
Output line: 526
Output line: 527
Output line: 528
Output line: 529
Output line: 530
Output line: 531
Output line: 532
Output line: 533
Output line: 534
Output line: 535
Output line: 536
Output line: 537
Output line: 538
Output line: 539
Output line: 540
Output line: 541
Output line: 542
Output line: 543
Output line: 544
Output line: 545
Output line: 546
Output line: 547
Output line: 548
Output line: 549
Output line: 550
Output line: 551
Output line: 552
Output line: 553
Output line: 554
Output line: 555
Output line: 556
Output line: 557
Output line: 558
Output line: 559
Output line: 560
Output line: 561
Output line: 562
Output line: 563
Output line: 564
Output line: 565
Output line: 566
Output line: 567
Output line: 568
Output line: 569
Output line: 570
Output line: 571
Output line: 572
Output line: 573
Output line: 574
Output line: 575
Output line: 576
Output line: 577
Output line: 578
Output line: 579
Output line: 580
Output line: 581
Output line: 582
Output line: 583
Output line: 584
Output line: 585
Output line: 586
Output line: 587
Output line: 588
Output line: 589
Output line: 590
Output line: 591
Output line: 592
Output line: 593
Output line: 594
Output line: 595
Output line: 596
Output line: 597
Output line: 598
Output line: 599
Output line: 600
Output line: 601
Output line: 602
Output line: 603
Output line: 604
Output line: 605
Output line: 606
Output line: 607
Output line: 608
Output line: 609
Output line: 610
Output line: 611
Output line: 612
Output line: 613
Output line: 614
Output line: 615
Output line: 616
Output line: 617
Output line: 618
Output line: 619
Output line: 620
Output line: 621
Output line: 622
Output line: 623
Output line: 624
Output line: 625
Output line: 626
Output line: 627
Output line: 628
Output line: 629
Output line: 630
Output line: 631
Output line: 632
Output line: 633
Output line: 634
Output line: 635
Output line: 636
Output line: 637
Output line: 638
Output line: 639
Output line: 640
Output line: 641
Output line: 642
Output line: 643
Output line: 644
Output line: 645
Output line: 646
Output line: 647
Output line: 648
Output line: 649
Output line: 650
Output line: 651
Output line: 652
Output line: 653
Output line: 654
Output line: 655
Output line: 656
Output line: 657
Output line: 658
Output line: 659
Output line: 660
Output line: 661
Output line: 662
Output line: 663
Output line: 664
Output line: 665
Output line: 666
Output line: 667
Output line: 668
Output line: 669
Output line: 670
Output line: 671
Output line: 672
Output line: 673
Output line: 674
Output line: 675
Output line: 676
Output line: 677
Output line: 678
Output line: 679
Output line: 680
Output line: 681
Output line: 682
Output line: 683
Output line: 684
Output line: 685
Output line: 686
Output line: 687
Output line: 688
Output line: 689
Output line: 690
Output line: 691
Output line: 692
Output line: 693
Output line: 694
Output line: 695
Output line: 696
Output line: 697
Output line: 698
Output line: 699
Output line: 700
Output line: 701
Output line: 702
Output line: 703
Output line: 704
Output line: 705
Output line: 706
Output line: 707
Output line: 708
Output line: 709
Output line: 710
Output line: 711
Output line: 712
Output line: 713
Output line: 714
Output line: 715
Output line: 716
Output line: 717
Output line: 718
Output line: 719
Output line: 720
Output line: 721
Output line: 722
Output line: 723
Output line: 724
Output line: 725
Output line: 726
Output line: 727
Output line: 728
Output line: 729
Output line: 730
Output line: 731
Output line: 732
Output line: 733
Output line: 734
Output line: 735
Output line: 736
Output line: 737
Output line: 738
Output line: 739
Output line: 740
Output line: 741
Output line: 742
Output line: 743
Output line: 744
Output line: 745
Output line: 746
Output line: 747
Output line: 748
Output line: 749
Output line: 750
Output line: 751
Output line: 752
Output line: 753
Output line: 754
Output line: 755
Output line: 756
Output line: 757
Output line: 758
Output line: 759
Output line: 760
Output line: 761
Output line: 762
Output line: 763
Output line: 764
Output line: 765
Output line: 766
Output line: 767
Output line: 768
Output line: 769
Output line: 770
Output line: 771
Output line: 772
Output line: 773
Output line: 774
Output line: 775
Output line: 776
Output line: 777
Output line: 778
Output line: 779
Output line: 780
Output line: 781
Output line: 782
Output line: 783
Output line: 784
Output line: 785
Output line: 786
Output line: 787
Output line: 788
Output line: 789
Output line: 790
Output line: 791
Output line: 792
Output line: 793
Output line: 794
Output line: 795
Output line: 796
Output line: 797
Output line: 798
Output line: 799
Output line: 800
Output line: 801
Output line: 802
Output line: 803
Output line: 804
Output line: 805
Output line: 806
Output line: 807
Output line: 808
Output line: 809
Output line: 810
Output line: 811
Output line: 812
Output line: 813
Output line: 814
Output line: 815
Output line: 816
Output line: 817
Output line: 818
Output line: 819
Output line: 820
Output line: 821
Output line: 822
Output line: 823
Output line: 824
Output line: 825
Output line: 826
Output line: 827
Output line: 828
Output line: 829
Output line: 830
Output line: 831
Output line: 832
Output line: 833
Output line: 834
Output line: 835
Output line: 836
Output line: 837
Output line: 838
Output line: 839
Output line: 840
Output line: 841
Output line: 842
Output line: 843
Output line: 844
Output line: 845
Output line: 846
Output line: 847
Output line: 848
Output line: 849
Output line: 850
Output line: 851
Output line: 852
Output line: 853
Output line: 854
Output line: 855
Output line: 856
Output line: 857
Output line: 858
Output line: 859
Output line: 860
Output line: 861
Output line: 862
Output line: 863
Output line: 864
Output line: 865
Output line: 866
Output line: 867
Output line: 868
Output line: 869
Output line: 870
Output line: 871
Output line: 872
Output line: 873
Output line: 874
Output line: 875
Output line: 876
Output line: 877
Output line: 878
Output line: 879
Output line: 880
Output line: 881
Output line: 882
Output line: 883
Output line: 884
Output line: 885
Output line: 886
Output line: 887
Output line: 888
Output line: 889
Output line: 890
Output line: 891
Output line: 892
Output line: 893
Output line: 894
Output line: 895
Output line: 896
Output line: 897
Output line: 898
Output line: 899
Output line: 900
Output line: 901
Output line: 902
Output line: 903
Output line: 904
Output line: 905
Output line: 906
Output line: 907
Output line: 908
Output line: 909
Output line: 910
Output line: 911
Output line: 912
Output line: 913
Output line: 914
Output line: 915
Output line: 916
Output line: 917
Output line: 918
Output line: 919
Output line: 920
Output line: 921
Output line: 922
Output line: 923
Output line: 924
Output line: 925
Output line: 926
Output line: 927
Output line: 928
Output line: 929
Output line: 930
Output line: 931
Output line: 932
Output line: 933
Output line: 934
Output line: 935
Output line: 936
Output line: 937
Output line: 938
Output line: 939
Output line: 940
Output line: 941
Output line: 942
Output line: 943
Output line: 944
Output line: 945
Output line: 946
Output line: 947
Output line: 948
Output line: 949
Output line: 950
Output line: 951
Output line: 952
Output line: 953
Output line: 954
Output line: 955
Output line: 956
Output line: 957
Output line: 958
Output line: 959
Output line: 960
Output line: 961
Output line: 962
Output line: 963
Output line: 964
Output line: 965
Output line: 966
Output line: 967
Output line: 968
Output line: 969
Output line: 970
Output line: 971
Output line: 972
Output line: 973
Output line: 974
Output line: 975
Output line: 976
Output line: 977
Output line: 978
Output line: 979
Output line: 980
Output line: 981
Output line: 982
Output line: 983
Output line: 984
Output line: 985
Output line: 986
Output line: 987
Output line: 988
Output line: 989
Output line: 990
Output line: 991
Output line: 992
Output line: 993
Output line: 994
Output line: 995
Output line: 996
Output line: 997
Output line: 998
Output line: 999</StdOut>
      </Output>
    </UnitTestResult>
    <UnitTestResult executionId="0cf6df2f-4782-47dd-92f3-253b02f86058" testId="e427472c-f1e4-11b1-d166-c652a91430b4" testName="TestLotsOfOutputStdOut2" computerName="UNIT-539" duration="00:00:00.0002825" startTime="2014-09-09T13:57:28.2587857+04:00" endTime="2014-09-09T13:57:28.2587857+04:00" testType="13cdc9d9-ddb5-4fa4-a97d-d965ccfc6d4b" outcome="Passed" testListId="8c84fa94-04c1-424b-9868-57a2d4851a1d" relativeResultsDirectory="0cf6df2f-4782-47dd-92f3-253b02f86058">
      <Output>
        <StdOut>Output line: 0
Output line: 1
Output line: 2
Output line: 3
Output line: 4
Output line: 5
Output line: 6
Output line: 7
Output line: 8
Output line: 9
Output line: 10
Output line: 11
Output line: 12
Output line: 13
Output line: 14
Output line: 15
Output line: 16
Output line: 17
Output line: 18
Output line: 19
Output line: 20
Output line: 21
Output line: 22
Output line: 23
Output line: 24
Output line: 25
Output line: 26
Output line: 27
Output line: 28
Output line: 29
Output line: 30
Output line: 31
Output line: 32
Output line: 33
Output line: 34
Output line: 35
Output line: 36
Output line: 37
Output line: 38
Output line: 39
Output line: 40
Output line: 41
Output line: 42
Output line: 43
Output line: 44
Output line: 45
Output line: 46
Output line: 47
Output line: 48
Output line: 49
Output line: 50
Output line: 51
Output line: 52
Output line: 53
Output line: 54
Output line: 55
Output line: 56
Output line: 57
Output line: 58
Output line: 59
Output line: 60
Output line: 61
Output line: 62
Output line: 63
Output line: 64
Output line: 65
Output line: 66
Output line: 67
Output line: 68
Output line: 69
Output line: 70
Output line: 71
Output line: 72
Output line: 73
Output line: 74
Output line: 75
Output line: 76
Output line: 77
Output line: 78
Output line: 79
Output line: 80
Output line: 81
Output line: 82
Output line: 83
Output line: 84
Output line: 85
Output line: 86
Output line: 87
Output line: 88
Output line: 89
Output line: 90
Output line: 91
Output line: 92
Output line: 93
Output line: 94
Output line: 95
Output line: 96
Output line: 97
Output line: 98
Output line: 99
Output line: 100
Output line: 101
Output line: 102
Output line: 103
Output line: 104
Output line: 105
Output line: 106
Output line: 107
Output line: 108
Output line: 109
Output line: 110
Output line: 111
Output line: 112
Output line: 113
Output line: 114
Output line: 115
Output line: 116
Output line: 117
Output line: 118
Output line: 119
Output line: 120
Output line: 121
Output line: 122
Output line: 123
Output line: 124
Output line: 125
Output line: 126
Output line: 127
Output line: 128
Output line: 129
Output line: 130
Output line: 131
Output line: 132
Output line: 133
Output line: 134
Output line: 135
Output line: 136
Output line: 137
Output line: 138
Output line: 139
Output line: 140
Output line: 141
Output line: 142
Output line: 143
Output line: 144
Output line: 145
Output line: 146
Output line: 147
Output line: 148
Output line: 149
Output line: 150
Output line: 151
Output line: 152
Output line: 153
Output line: 154
Output line: 155
Output line: 156
Output line: 157
Output line: 158
Output line: 159
Output line: 160
Output line: 161
Output line: 162
Output line: 163
Output line: 164
Output line: 165
Output line: 166
Output line: 167
Output line: 168
Output line: 169
Output line: 170
Output line: 171
Output line: 172
Output line: 173
Output line: 174
Output line: 175
Output line: 176
Output line: 177
Output line: 178
Output line: 179
Output line: 180
Output line: 181
Output line: 182
Output line: 183
Output line: 184
Output line: 185
Output line: 186
Output line: 187
Output line: 188
Output line: 189
Output line: 190
Output line: 191
Output line: 192
Output line: 193
Output line: 194
Output line: 195
Output line: 196
Output line: 197
Output line: 198
Output line: 199
Output line: 200
Output line: 201
Output line: 202
Output line: 203
Output line: 204
Output line: 205
Output line: 206
Output line: 207
Output line: 208
Output line: 209
Output line: 210
Output line: 211
Output line: 212
Output line: 213
Output line: 214
Output line: 215
Output line: 216
Output line: 217
Output line: 218
Output line: 219
Output line: 220
Output line: 221
Output line: 222
Output line: 223
Output line: 224
Output line: 225
Output line: 226
Output line: 227
Output line: 228
Output line: 229
Output line: 230
Output line: 231
Output line: 232
Output line: 233
Output line: 234
Output line: 235
Output line: 236
Output line: 237
Output line: 238
Output line: 239
Output line: 240
Output line: 241
Output line: 242
Output line: 243
Output line: 244
Output line: 245
Output line: 246
Output line: 247
Output line: 248
Output line: 249
Output line: 250
Output line: 251
Output line: 252
Output line: 253
Output line: 254
Output line: 255
Output line: 256
Output line: 257
Output line: 258
Output line: 259
Output line: 260
Output line: 261
Output line: 262
Output line: 263
Output line: 264
Output line: 265
Output line: 266
Output line: 267
Output line: 268
Output line: 269
Output line: 270
Output line: 271
Output line: 272
Output line: 273
Output line: 274
Output line: 275
Output line: 276
Output line: 277
Output line: 278
Output line: 279
Output line: 280
Output line: 281
Output line: 282
Output line: 283
Output line: 284
Output line: 285
Output line: 286
Output line: 287
Output line: 288
Output line: 289
Output line: 290
Output line: 291
Output line: 292
Output line: 293
Output line: 294
Output line: 295
Output line: 296
Output line: 297
Output line: 298
Output line: 299
Output line: 300
Output line: 301
Output line: 302
Output line: 303
Output line: 304
Output line: 305
Output line: 306
Output line: 307
Output line: 308
Output line: 309
Output line: 310
Output line: 311
Output line: 312
Output line: 313
Output line: 314
Output line: 315
Output line: 316
Output line: 317
Output line: 318
Output line: 319
Output line: 320
Output line: 321
Output line: 322
Output line: 323
Output line: 324
Output line: 325
Output line: 326
Output line: 327
Output line: 328
Output line: 329
Output line: 330
Output line: 331
Output line: 332
Output line: 333
Output line: 334
Output line: 335
Output line: 336
Output line: 337
Output line: 338
Output line: 339
Output line: 340
Output line: 341
Output line: 342
Output line: 343
Output line: 344
Output line: 345
Output line: 346
Output line: 347
Output line: 348
Output line: 349
Output line: 350
Output line: 351
Output line: 352
Output line: 353
Output line: 354
Output line: 355
Output line: 356
Output line: 357
Output line: 358
Output line: 359
Output line: 360
Output line: 361
Output line: 362
Output line: 363
Output line: 364
Output line: 365
Output line: 366
Output line: 367
Output line: 368
Output line: 369
Output line: 370
Output line: 371
Output line: 372
Output line: 373
Output line: 374
Output line: 375
Output line: 376
Output line: 377
Output line: 378
Output line: 379
Output line: 380
Output line: 381
Output line: 382
Output line: 383
Output line: 384
Output line: 385
Output line: 386
Output line: 387
Output line: 388
Output line: 389
Output line: 390
Output line: 391
Output line: 392
Output line: 393
Output line: 394
Output line: 395
Output line: 396
Output line: 397
Output line: 398
Output line: 399
Output line: 400
Output line: 401
Output line: 402
Output line: 403
Output line: 404
Output line: 405
Output line: 406
Output line: 407
Output line: 408
Output line: 409
Output line: 410
Output line: 411
Output line: 412
Output line: 413
Output line: 414
Output line: 415
Output line: 416
Output line: 417
Output line: 418
Output line: 419
Output line: 420
Output line: 421
Output line: 422
Output line: 423
Output line: 424
Output line: 425
Output line: 426
Output line: 427
Output line: 428
Output line: 429
Output line: 430
Output line: 431
Output line: 432
Output line: 433
Output line: 434
Output line: 435
Output line: 436
Output line: 437
Output line: 438
Output line: 439
Output line: 440
Output line: 441
Output line: 442
Output line: 443
Output line: 444
Output line: 445
Output line: 446
Output line: 447
Output line: 448
Output line: 449
Output line: 450
Output line: 451
Output line: 452
Output line: 453
Output line: 454
Output line: 455
Output line: 456
Output line: 457
Output line: 458
Output line: 459
Output line: 460
Output line: 461
Output line: 462
Output line: 463
Output line: 464
Output line: 465
Output line: 466
Output line: 467
Output line: 468
Output line: 469
Output line: 470
Output line: 471
Output line: 472
Output line: 473
Output line: 474
Output line: 475
Output line: 476
Output line: 477
Output line: 478
Output line: 479
Output line: 480
Output line: 481
Output line: 482
Output line: 483
Output line: 484
Output line: 485
Output line: 486
Output line: 487
Output line: 488
Output line: 489
Output line: 490
Output line: 491
Output line: 492
Output line: 493
Output line: 494
Output line: 495
Output line: 496
Output line: 497
Output line: 498
Output line: 499
Output line: 500
Output line: 501
Output line: 502
Output line: 503
Output line: 504
Output line: 505
Output line: 506
Output line: 507
Output line: 508
Output line: 509
Output line: 510
Output line: 511
Output line: 512
Output line: 513
Output line: 514
Output line: 515
Output line: 516
Output line: 517
Output line: 518
Output line: 519
Output line: 520
Output line: 521
Output line: 522
Output line: 523
Output line: 524
Output line: 525
Output line: 526
Output line: 527
Output line: 528
Output line: 529
Output line: 530
Output line: 531
Output line: 532
Output line: 533
Output line: 534
Output line: 535
Output line: 536
Output line: 537
Output line: 538
Output line: 539
Output line: 540
Output line: 541
Output line: 542
Output line: 543
Output line: 544
Output line: 545
Output line: 546
Output line: 547
Output line: 548
Output line: 549
Output line: 550
Output line: 551
Output line: 552
Output line: 553
Output line: 554
Output line: 555
Output line: 556
Output line: 557
Output line: 558
Output line: 559
Output line: 560
Output line: 561
Output line: 562
Output line: 563
Output line: 564
Output line: 565
Output line: 566
Output line: 567
Output line: 568
Output line: 569
Output line: 570
Output line: 571
Output line: 572
Output line: 573
Output line: 574
Output line: 575
Output line: 576
Output line: 577
Output line: 578
Output line: 579
Output line: 580
Output line: 581
Output line: 582
Output line: 583
Output line: 584
Output line: 585
Output line: 586
Output line: 587
Output line: 588
Output line: 589
Output line: 590
Output line: 591
Output line: 592
Output line: 593
Output line: 594
Output line: 595
Output line: 596
Output line: 597
Output line: 598
Output line: 599
Output line: 600
Output line: 601
Output line: 602
Output line: 603
Output line: 604
Output line: 605
Output line: 606
Output line: 607
Output line: 608
Output line: 609
Output line: 610
Output line: 611
Output line: 612
Output line: 613
Output line: 614
Output line: 615
Output line: 616
Output line: 617
Output line: 618
Output line: 619
Output line: 620
Output line: 621
Output line: 622
Output line: 623
Output line: 624
Output line: 625
Output line: 626
Output line: 627
Output line: 628
Output line: 629
Output line: 630
Output line: 631
Output line: 632
Output line: 633
Output line: 634
Output line: 635
Output line: 636
Output line: 637
Output line: 638
Output line: 639
Output line: 640
Output line: 641
Output line: 642
Output line: 643
Output line: 644
Output line: 645
Output line: 646
Output line: 647
Output line: 648
Output line: 649
Output line: 650
Output line: 651
Output line: 652
Output line: 653
Output line: 654
Output line: 655
Output line: 656
Output line: 657
Output line: 658
Output line: 659
Output line: 660
Output line: 661
Output line: 662
Output line: 663
Output line: 664
Output line: 665
Output line: 666
Output line: 667
Output line: 668
Output line: 669
Output line: 670
Output line: 671
Output line: 672
Output line: 673
Output line: 674
Output line: 675
Output line: 676
Output line: 677
Output line: 678
Output line: 679
Output line: 680
Output line: 681
Output line: 682
Output line: 683
Output line: 684
Output line: 685
Output line: 686
Output line: 687
Output line: 688
Output line: 689
Output line: 690
Output line: 691
Output line: 692
Output line: 693
Output line: 694
Output line: 695
Output line: 696
Output line: 697
Output line: 698
Output line: 699
Output line: 700
Output line: 701
Output line: 702
Output line: 703
Output line: 704
Output line: 705
Output line: 706
Output line: 707
Output line: 708
Output line: 709
Output line: 710
Output line: 711
Output line: 712
Output line: 713
Output line: 714
Output line: 715
Output line: 716
Output line: 717
Output line: 718
Output line: 719
Output line: 720
Output line: 721
Output line: 722
Output line: 723
Output line: 724
Output line: 725
Output line: 726
Output line: 727
Output line: 728
Output line: 729
Output line: 730
Output line: 731
Output line: 732
Output line: 733
Output line: 734
Output line: 735
Output line: 736
Output line: 737
Output line: 738
Output line: 739
Output line: 740
Output line: 741
Output line: 742
Output line: 743
Output line: 744
Output line: 745
Output line: 746
Output line: 747
Output line: 748
Output line: 749
Output line: 750
Output line: 751
Output line: 752
Output line: 753
Output line: 754
Output line: 755
Output line: 756
Output line: 757
Output line: 758
Output line: 759
Output line: 760
Output line: 761
Output line: 762
Output line: 763
Output line: 764
Output line: 765
Output line: 766
Output line: 767
Output line: 768
Output line: 769
Output line: 770
Output line: 771
Output line: 772
Output line: 773
Output line: 774
Output line: 775
Output line: 776
Output line: 777
Output line: 778
Output line: 779
Output line: 780
Output line: 781
Output line: 782
Output line: 783
Output line: 784
Output line: 785
Output line: 786
Output line: 787
Output line: 788
Output line: 789
Output line: 790
Output line: 791
Output line: 792
Output line: 793
Output line: 794
Output line: 795
Output line: 796
Output line: 797
Output line: 798
Output line: 799
Output line: 800
Output line: 801
Output line: 802
Output line: 803
Output line: 804
Output line: 805
Output line: 806
Output line: 807
Output line: 808
Output line: 809
Output line: 810
Output line: 811
Output line: 812
Output line: 813
Output line: 814
Output line: 815
Output line: 816
Output line: 817
Output line: 818
Output line: 819
Output line: 820
Output line: 821
Output line: 822
Output line: 823
Output line: 824
Output line: 825
Output line: 826
Output line: 827
Output line: 828
Output line: 829
Output line: 830
Output line: 831
Output line: 832
Output line: 833
Output line: 834
Output line: 835
Output line: 836
Output line: 837
Output line: 838
Output line: 839
Output line: 840
Output line: 841
Output line: 842
Output line: 843
Output line: 844
Output line: 845
Output line: 846
Output line: 847
Output line: 848
Output line: 849
Output line: 850
Output line: 851
Output line: 852
Output line: 853
Output line: 854
Output line: 855
Output line: 856
Output line: 857
Output line: 858
Output line: 859
Output line: 860
Output line: 861
Output line: 862
Output line: 863
Output line: 864
Output line: 865
Output line: 866
Output line: 867
Output line: 868
Output line: 869
Output line: 870
Output line: 871
Output line: 872
Output line: 873
Output line: 874
Output line: 875
Output line: 876
Output line: 877
Output line: 878
Output line: 879
Output line: 880
Output line: 881
Output line: 882
Output line: 883
Output line: 884
Output line: 885
Output line: 886
Output line: 887
Output line: 888
Output line: 889
Output line: 890
Output line: 891
Output line: 892
Output line: 893
Output line: 894
Output line: 895
Output line: 896
Output line: 897
Output line: 898
Output line: 899
Output line: 900
Output line: 901
Output line: 902
Output line: 903
Output line: 904
Output line: 905
Output line: 906
Output line: 907
Output line: 908
Output line: 909
Output line: 910
Output line: 911
Output line: 912
Output line: 913
Output line: 914
Output line: 915
Output line: 916
Output line: 917
Output line: 918
Output line: 919
Output line: 920
Output line: 921
Output line: 922
Output line: 923
Output line: 924
Output line: 925
Output line: 926
Output line: 927
Output line: 928
Output line: 929
Output line: 930
Output line: 931
Output line: 932
Output line: 933
Output line: 934
Output line: 935
Output line: 936
Output line: 937
Output line: 938
Output line: 939
Output line: 940
Output line: 941
Output line: 942
Output line: 943
Output line: 944
Output line: 945
Output line: 946
Output line: 947
Output line: 948
Output line: 949
Output line: 950
Output line: 951
Output line: 952
Output line: 953
Output line: 954
Output line: 955
Output line: 956
Output line: 957
Output line: 958
Output line: 959
Output line: 960
Output line: 961
Output line: 962
Output line: 963
Output line: 964
Output line: 965
Output line: 966
Output line: 967
Output line: 968
Output line: 969
Output line: 970
Output line: 971
Output line: 972
Output line: 973
Output line: 974
Output line: 975
Output line: 976
Output line: 977
Output line: 978
Output line: 979
Output line: 980
Output line: 981
Output line: 982
Output line: 983
Output line: 984
Output line: 985
Output line: 986
Output line: 987
Output line: 988
Output line: 989
Output line: 990
Output line: 991
Output line: 992
Output line: 993
Output line: 994
Output line: 995
Output line: 996
Output line: 997
Output line: 998
Output line: 999</StdOut>
      </Output>
    </UnitTestResult>
    <UnitTestResult executionId="3c7b26a5-024e-4918-9c73-4206542208c3" testId="87337a60-865b-7187-db14-be490401aea3" testName="TestLotsOfOutputStdOut3" computerName="UNIT-539" duration="00:00:00.0002818" startTime="2014-09-09T13:57:28.2587857+04:00" endTime="2014-09-09T13:57:28.2597867+04:00" testType="13cdc9d9-ddb5-4fa4-a97d-d965ccfc6d4b" outcome="Passed" testListId="8c84fa94-04c1-424b-9868-57a2d4851a1d" relativeResultsDirectory="3c7b26a5-024e-4918-9c73-4206542208c3">
      <Output>
        <StdOut>Output line: 0
Output line: 1
Output line: 2
Output line: 3
Output line: 4
Output line: 5
Output line: 6
Output line: 7
Output line: 8
Output line: 9
Output line: 10
Output line: 11
Output line: 12
Output line: 13
Output line: 14
Output line: 15
Output line: 16
Output line: 17
Output line: 18
Output line: 19
Output line: 20
Output line: 21
Output line: 22
Output line: 23
Output line: 24
Output line: 25
Output line: 26
Output line: 27
Output line: 28
Output line: 29
Output line: 30
Output line: 31
Output line: 32
Output line: 33
Output line: 34
Output line: 35
Output line: 36
Output line: 37
Output line: 38
Output line: 39
Output line: 40
Output line: 41
Output line: 42
Output line: 43
Output line: 44
Output line: 45
Output line: 46
Output line: 47
Output line: 48
Output line: 49
Output line: 50
Output line: 51
Output line: 52
Output line: 53
Output line: 54
Output line: 55
Output line: 56
Output line: 57
Output line: 58
Output line: 59
Output line: 60
Output line: 61
Output line: 62
Output line: 63
Output line: 64
Output line: 65
Output line: 66
Output line: 67
Output line: 68
Output line: 69
Output line: 70
Output line: 71
Output line: 72
Output line: 73
Output line: 74
Output line: 75
Output line: 76
Output line: 77
Output line: 78
Output line: 79
Output line: 80
Output line: 81
Output line: 82
Output line: 83
Output line: 84
Output line: 85
Output line: 86
Output line: 87
Output line: 88
Output line: 89
Output line: 90
Output line: 91
Output line: 92
Output line: 93
Output line: 94
Output line: 95
Output line: 96
Output line: 97
Output line: 98
Output line: 99
Output line: 100
Output line: 101
Output line: 102
Output line: 103
Output line: 104
Output line: 105
Output line: 106
Output line: 107
Output line: 108
Output line: 109
Output line: 110
Output line: 111
Output line: 112
Output line: 113
Output line: 114
Output line: 115
Output line: 116
Output line: 117
Output line: 118
Output line: 119
Output line: 120
Output line: 121
Output line: 122
Output line: 123
Output line: 124
Output line: 125
Output line: 126
Output line: 127
Output line: 128
Output line: 129
Output line: 130
Output line: 131
Output line: 132
Output line: 133
Output line: 134
Output line: 135
Output line: 136
Output line: 137
Output line: 138
Output line: 139
Output line: 140
Output line: 141
Output line: 142
Output line: 143
Output line: 144
Output line: 145
Output line: 146
Output line: 147
Output line: 148
Output line: 149
Output line: 150
Output line: 151
Output line: 152
Output line: 153
Output line: 154
Output line: 155
Output line: 156
Output line: 157
Output line: 158
Output line: 159
Output line: 160
Output line: 161
Output line: 162
Output line: 163
Output line: 164
Output line: 165
Output line: 166
Output line: 167
Output line: 168
Output line: 169
Output line: 170
Output line: 171
Output line: 172
Output line: 173
Output line: 174
Output line: 175
Output line: 176
Output line: 177
Output line: 178
Output line: 179
Output line: 180
Output line: 181
Output line: 182
Output line: 183
Output line: 184
Output line: 185
Output line: 186
Output line: 187
Output line: 188
Output line: 189
Output line: 190
Output line: 191
Output line: 192
Output line: 193
Output line: 194
Output line: 195
Output line: 196
Output line: 197
Output line: 198
Output line: 199
Output line: 200
Output line: 201
Output line: 202
Output line: 203
Output line: 204
Output line: 205
Output line: 206
Output line: 207
Output line: 208
Output line: 209
Output line: 210
Output line: 211
Output line: 212
Output line: 213
Output line: 214
Output line: 215
Output line: 216
Output line: 217
Output line: 218
Output line: 219
Output line: 220
Output line: 221
Output line: 222
Output line: 223
Output line: 224
Output line: 225
Output line: 226
Output line: 227
Output line: 228
Output line: 229
Output line: 230
Output line: 231
Output line: 232
Output line: 233
Output line: 234
Output line: 235
Output line: 236
Output line: 237
Output line: 238
Output line: 239
Output line: 240
Output line: 241
Output line: 242
Output line: 243
Output line: 244
Output line: 245
Output line: 246
Output line: 247
Output line: 248
Output line: 249
Output line: 250
Output line: 251
Output line: 252
Output line: 253
Output line: 254
Output line: 255
Output line: 256
Output line: 257
Output line: 258
Output line: 259
Output line: 260
Output line: 261
Output line: 262
Output line: 263
Output line: 264
Output line: 265
Output line: 266
Output line: 267
Output line: 268
Output line: 269
Output line: 270
Output line: 271
Output line: 272
Output line: 273
Output line: 274
Output line: 275
Output line: 276
Output line: 277
Output line: 278
Output line: 279
Output line: 280
Output line: 281
Output line: 282
Output line: 283
Output line: 284
Output line: 285
Output line: 286
Output line: 287
Output line: 288
Output line: 289
Output line: 290
Output line: 291
Output line: 292
Output line: 293
Output line: 294
Output line: 295
Output line: 296
Output line: 297
Output line: 298
Output line: 299
Output line: 300
Output line: 301
Output line: 302
Output line: 303
Output line: 304
Output line: 305
Output line: 306
Output line: 307
Output line: 308
Output line: 309
Output line: 310
Output line: 311
Output line: 312
Output line: 313
Output line: 314
Output line: 315
Output line: 316
Output line: 317
Output line: 318
Output line: 319
Output line: 320
Output line: 321
Output line: 322
Output line: 323
Output line: 324
Output line: 325
Output line: 326
Output line: 327
Output line: 328
Output line: 329
Output line: 330
Output line: 331
Output line: 332
Output line: 333
Output line: 334
Output line: 335
Output line: 336
Output line: 337
Output line: 338
Output line: 339
Output line: 340
Output line: 341
Output line: 342
Output line: 343
Output line: 344
Output line: 345
Output line: 346
Output line: 347
Output line: 348
Output line: 349
Output line: 350
Output line: 351
Output line: 352
Output line: 353
Output line: 354
Output line: 355
Output line: 356
Output line: 357
Output line: 358
Output line: 359
Output line: 360
Output line: 361
Output line: 362
Output line: 363
Output line: 364
Output line: 365
Output line: 366
Output line: 367
Output line: 368
Output line: 369
Output line: 370
Output line: 371
Output line: 372
Output line: 373
Output line: 374
Output line: 375
Output line: 376
Output line: 377
Output line: 378
Output line: 379
Output line: 380
Output line: 381
Output line: 382
Output line: 383
Output line: 384
Output line: 385
Output line: 386
Output line: 387
Output line: 388
Output line: 389
Output line: 390
Output line: 391
Output line: 392
Output line: 393
Output line: 394
Output line: 395
Output line: 396
Output line: 397
Output line: 398
Output line: 399
Output line: 400
Output line: 401
Output line: 402
Output line: 403
Output line: 404
Output line: 405
Output line: 406
Output line: 407
Output line: 408
Output line: 409
Output line: 410
Output line: 411
Output line: 412
Output line: 413
Output line: 414
Output line: 415
Output line: 416
Output line: 417
Output line: 418
Output line: 419
Output line: 420
Output line: 421
Output line: 422
Output line: 423
Output line: 424
Output line: 425
Output line: 426
Output line: 427
Output line: 428
Output line: 429
Output line: 430
Output line: 431
Output line: 432
Output line: 433
Output line: 434
Output line: 435
Output line: 436
Output line: 437
Output line: 438
Output line: 439
Output line: 440
Output line: 441
Output line: 442
Output line: 443
Output line: 444
Output line: 445
Output line: 446
Output line: 447
Output line: 448
Output line: 449
Output line: 450
Output line: 451
Output line: 452
Output line: 453
Output line: 454
Output line: 455
Output line: 456
Output line: 457
Output line: 458
Output line: 459
Output line: 460
Output line: 461
Output line: 462
Output line: 463
Output line: 464
Output line: 465
Output line: 466
Output line: 467
Output line: 468
Output line: 469
Output line: 470
Output line: 471
Output line: 472
Output line: 473
Output line: 474
Output line: 475
Output line: 476
Output line: 477
Output line: 478
Output line: 479
Output line: 480
Output line: 481
Output line: 482
Output line: 483
Output line: 484
Output line: 485
Output line: 486
Output line: 487
Output line: 488
Output line: 489
Output line: 490
Output line: 491
Output line: 492
Output line: 493
Output line: 494
Output line: 495
Output line: 496
Output line: 497
Output line: 498
Output line: 499
Output line: 500
Output line: 501
Output line: 502
Output line: 503
Output line: 504
Output line: 505
Output line: 506
Output line: 507
Output line: 508
Output line: 509
Output line: 510
Output line: 511
Output line: 512
Output line: 513
Output line: 514
Output line: 515
Output line: 516
Output line: 517
Output line: 518
Output line: 519
Output line: 520
Output line: 521
Output line: 522
Output line: 523
Output line: 524
Output line: 525
Output line: 526
Output line: 527
Output line: 528
Output line: 529
Output line: 530
Output line: 531
Output line: 532
Output line: 533
Output line: 534
Output line: 535
Output line: 536
Output line: 537
Output line: 538
Output line: 539
Output line: 540
Output line: 541
Output line: 542
Output line: 543
Output line: 544
Output line: 545
Output line: 546
Output line: 547
Output line: 548
Output line: 549
Output line: 550
Output line: 551
Output line: 552
Output line: 553
Output line: 554
Output line: 555
Output line: 556
Output line: 557
Output line: 558
Output line: 559
Output line: 560
Output line: 561
Output line: 562
Output line: 563
Output line: 564
Output line: 565
Output line: 566
Output line: 567
Output line: 568
Output line: 569
Output line: 570
Output line: 571
Output line: 572
Output line: 573
Output line: 574
Output line: 575
Output line: 576
Output line: 577
Output line: 578
Output line: 579
Output line: 580
Output line: 581
Output line: 582
Output line: 583
Output line: 584
Output line: 585
Output line: 586
Output line: 587
Output line: 588
Output line: 589
Output line: 590
Output line: 591
Output line: 592
Output line: 593
Output line: 594
Output line: 595
Output line: 596
Output line: 597
Output line: 598
Output line: 599
Output line: 600
Output line: 601
Output line: 602
Output line: 603
Output line: 604
Output line: 605
Output line: 606
Output line: 607
Output line: 608
Output line: 609
Output line: 610
Output line: 611
Output line: 612
Output line: 613
Output line: 614
Output line: 615
Output line: 616
Output line: 617
Output line: 618
Output line: 619
Output line: 620
Output line: 621
Output line: 622
Output line: 623
Output line: 624
Output line: 625
Output line: 626
Output line: 627
Output line: 628
Output line: 629
Output line: 630
Output line: 631
Output line: 632
Output line: 633
Output line: 634
Output line: 635
Output line: 636
Output line: 637
Output line: 638
Output line: 639
Output line: 640
Output line: 641
Output line: 642
Output line: 643
Output line: 644
Output line: 645
Output line: 646
Output line: 647
Output line: 648
Output line: 649
Output line: 650
Output line: 651
Output line: 652
Output line: 653
Output line: 654
Output line: 655
Output line: 656
Output line: 657
Output line: 658
Output line: 659
Output line: 660
Output line: 661
Output line: 662
Output line: 663
Output line: 664
Output line: 665
Output line: 666
Output line: 667
Output line: 668
Output line: 669
Output line: 670
Output line: 671
Output line: 672
Output line: 673
Output line: 674
Output line: 675
Output line: 676
Output line: 677
Output line: 678
Output line: 679
Output line: 680
Output line: 681
Output line: 682
Output line: 683
Output line: 684
Output line: 685
Output line: 686
Output line: 687
Output line: 688
Output line: 689
Output line: 690
Output line: 691
Output line: 692
Output line: 693
Output line: 694
Output line: 695
Output line: 696
Output line: 697
Output line: 698
Output line: 699
Output line: 700
Output line: 701
Output line: 702
Output line: 703
Output line: 704
Output line: 705
Output line: 706
Output line: 707
Output line: 708
Output line: 709
Output line: 710
Output line: 711
Output line: 712
Output line: 713
Output line: 714
Output line: 715
Output line: 716
Output line: 717
Output line: 718
Output line: 719
Output line: 720
Output line: 721
Output line: 722
Output line: 723
Output line: 724
Output line: 725
Output line: 726
Output line: 727
Output line: 728
Output line: 729
Output line: 730
Output line: 731
Output line: 732
Output line: 733
Output line: 734
Output line: 735
Output line: 736
Output line: 737
Output line: 738
Output line: 739
Output line: 740
Output line: 741
Output line: 742
Output line: 743
Output line: 744
Output line: 745
Output line: 746
Output line: 747
Output line: 748
Output line: 749
Output line: 750
Output line: 751
Output line: 752
Output line: 753
Output line: 754
Output line: 755
Output line: 756
Output line: 757
Output line: 758
Output line: 759
Output line: 760
Output line: 761
Output line: 762
Output line: 763
Output line: 764
Output line: 765
Output line: 766
Output line: 767
Output line: 768
Output line: 769
Output line: 770
Output line: 771
Output line: 772
Output line: 773
Output line: 774
Output line: 775
Output line: 776
Output line: 777
Output line: 778
Output line: 779
Output line: 780
Output line: 781
Output line: 782
Output line: 783
Output line: 784
Output line: 785
Output line: 786
Output line: 787
Output line: 788
Output line: 789
Output line: 790
Output line: 791
Output line: 792
Output line: 793
Output line: 794
Output line: 795
Output line: 796
Output line: 797
Output line: 798
Output line: 799
Output line: 800
Output line: 801
Output line: 802
Output line: 803
Output line: 804
Output line: 805
Output line: 806
Output line: 807
Output line: 808
Output line: 809
Output line: 810
Output line: 811
Output line: 812
Output line: 813
Output line: 814
Output line: 815
Output line: 816
Output line: 817
Output line: 818
Output line: 819
Output line: 820
Output line: 821
Output line: 822
Output line: 823
Output line: 824
Output line: 825
Output line: 826
Output line: 827
Output line: 828
Output line: 829
Output line: 830
Output line: 831
Output line: 832
Output line: 833
Output line: 834
Output line: 835
Output line: 836
Output line: 837
Output line: 838
Output line: 839
Output line: 840
Output line: 841
Output line: 842
Output line: 843
Output line: 844
Output line: 845
Output line: 846
Output line: 847
Output line: 848
Output line: 849
Output line: 850
Output line: 851
Output line: 852
Output line: 853
Output line: 854
Output line: 855
Output line: 856
Output line: 857
Output line: 858
Output line: 859
Output line: 860
Output line: 861
Output line: 862
Output line: 863
Output line: 864
Output line: 865
Output line: 866
Output line: 867
Output line: 868
Output line: 869
Output line: 870
Output line: 871
Output line: 872
Output line: 873
Output line: 874
Output line: 875
Output line: 876
Output line: 877
Output line: 878
Output line: 879
Output line: 880
Output line: 881
Output line: 882
Output line: 883
Output line: 884
Output line: 885
Output line: 886
Output line: 887
Output line: 888
Output line: 889
Output line: 890
Output line: 891
Output line: 892
Output line: 893
Output line: 894
Output line: 895
Output line: 896
Output line: 897
Output line: 898
Output line: 899
Output line: 900
Output line: 901
Output line: 902
Output line: 903
Output line: 904
Output line: 905
Output line: 906
Output line: 907
Output line: 908
Output line: 909
Output line: 910
Output line: 911
Output line: 912
Output line: 913
Output line: 914
Output line: 915
Output line: 916
Output line: 917
Output line: 918
Output line: 919
Output line: 920
Output line: 921
Output line: 922
Output line: 923
Output line: 924
Output line: 925
Output line: 926
Output line: 927
Output line: 928
Output line: 929
Output line: 930
Output line: 931
Output line: 932
Output line: 933
Output line: 934
Output line: 935
Output line: 936
Output line: 937
Output line: 938
Output line: 939
Output line: 940
Output line: 941
Output line: 942
Output line: 943
Output line: 944
Output line: 945
Output line: 946
Output line: 947
Output line: 948
Output line: 949
Output line: 950
Output line: 951
Output line: 952
Output line: 953
Output line: 954
Output line: 955
Output line: 956
Output line: 957
Output line: 958
Output line: 959
Output line: 960
Output line: 961
Output line: 962
Output line: 963
Output line: 964
Output line: 965
Output line: 966
Output line: 967
Output line: 968
Output line: 969
Output line: 970
Output line: 971
Output line: 972
Output line: 973
Output line: 974
Output line: 975
Output line: 976
Output line: 977
Output line: 978
Output line: 979
Output line: 980
Output line: 981
Output line: 982
Output line: 983
Output line: 984
Output line: 985
Output line: 986
Output line: 987
Output line: 988
Output line: 989
Output line: 990
Output line: 991
Output line: 992
Output line: 993
Output line: 994
Output line: 995
Output line: 996
Output line: 997
Output line: 998
Output line: 999</StdOut>
      </Output>
    </UnitTestResult>
    <UnitTestResult executionId="55ff55c7-7144-47f9-94eb-8ca6bc41749a" testId="5a1ab383-75a2-592d-d346-560f6c18f242" testName="TestLotsOfOutputStdOut4" computerName="UNIT-539" duration="00:00:00.0002924" startTime="2014-09-09T13:57:28.2597867+04:00" endTime="2014-09-09T13:57:28.2607875+04:00" testType="13cdc9d9-ddb5-4fa4-a97d-d965ccfc6d4b" outcome="Passed" testListId="8c84fa94-04c1-424b-9868-57a2d4851a1d" relativeResultsDirectory="55ff55c7-7144-47f9-94eb-8ca6bc41749a">
      <Output>
        <StdOut>Output line: 0
Output line: 1
Output line: 2
Output line: 3
Output line: 4
Output line: 5
Output line: 6
Output line: 7
Output line: 8
Output line: 9
Output line: 10
Output line: 11
Output line: 12
Output line: 13
Output line: 14
Output line: 15
Output line: 16
Output line: 17
Output line: 18
Output line: 19
Output line: 20
Output line: 21
Output line: 22
Output line: 23
Output line: 24
Output line: 25
Output line: 26
Output line: 27
Output line: 28
Output line: 29
Output line: 30
Output line: 31
Output line: 32
Output line: 33
Output line: 34
Output line: 35
Output line: 36
Output line: 37
Output line: 38
Output line: 39
Output line: 40
Output line: 41
Output line: 42
Output line: 43
Output line: 44
Output line: 45
Output line: 46
Output line: 47
Output line: 48
Output line: 49
Output line: 50
Output line: 51
Output line: 52
Output line: 53
Output line: 54
Output line: 55
Output line: 56
Output line: 57
Output line: 58
Output line: 59
Output line: 60
Output line: 61
Output line: 62
Output line: 63
Output line: 64
Output line: 65
Output line: 66
Output line: 67
Output line: 68
Output line: 69
Output line: 70
Output line: 71
Output line: 72
Output line: 73
Output line: 74
Output line: 75
Output line: 76
Output line: 77
Output line: 78
Output line: 79
Output line: 80
Output line: 81
Output line: 82
Output line: 83
Output line: 84
Output line: 85
Output line: 86
Output line: 87
Output line: 88
Output line: 89
Output line: 90
Output line: 91
Output line: 92
Output line: 93
Output line: 94
Output line: 95
Output line: 96
Output line: 97
Output line: 98
Output line: 99
Output line: 100
Output line: 101
Output line: 102
Output line: 103
Output line: 104
Output line: 105
Output line: 106
Output line: 107
Output line: 108
Output line: 109
Output line: 110
Output line: 111
Output line: 112
Output line: 113
Output line: 114
Output line: 115
Output line: 116
Output line: 117
Output line: 118
Output line: 119
Output line: 120
Output line: 121
Output line: 122
Output line: 123
Output line: 124
Output line: 125
Output line: 126
Output line: 127
Output line: 128
Output line: 129
Output line: 130
Output line: 131
Output line: 132
Output line: 133
Output line: 134
Output line: 135
Output line: 136
Output line: 137
Output line: 138
Output line: 139
Output line: 140
Output line: 141
Output line: 142
Output line: 143
Output line: 144
Output line: 145
Output line: 146
Output line: 147
Output line: 148
Output line: 149
Output line: 150
Output line: 151
Output line: 152
Output line: 153
Output line: 154
Output line: 155
Output line: 156
Output line: 157
Output line: 158
Output line: 159
Output line: 160
Output line: 161
Output line: 162
Output line: 163
Output line: 164
Output line: 165
Output line: 166
Output line: 167
Output line: 168
Output line: 169
Output line: 170
Output line: 171
Output line: 172
Output line: 173
Output line: 174
Output line: 175
Output line: 176
Output line: 177
Output line: 178
Output line: 179
Output line: 180
Output line: 181
Output line: 182
Output line: 183
Output line: 184
Output line: 185
Output line: 186
Output line: 187
Output line: 188
Output line: 189
Output line: 190
Output line: 191
Output line: 192
Output line: 193
Output line: 194
Output line: 195
Output line: 196
Output line: 197
Output line: 198
Output line: 199
Output line: 200
Output line: 201
Output line: 202
Output line: 203
Output line: 204
Output line: 205
Output line: 206
Output line: 207
Output line: 208
Output line: 209
Output line: 210
Output line: 211
Output line: 212
Output line: 213
Output line: 214
Output line: 215
Output line: 216
Output line: 217
Output line: 218
Output line: 219
Output line: 220
Output line: 221
Output line: 222
Output line: 223
Output line: 224
Output line: 225
Output line: 226
Output line: 227
Output line: 228
Output line: 229
Output line: 230
Output line: 231
Output line: 232
Output line: 233
Output line: 234
Output line: 235
Output line: 236
Output line: 237
Output line: 238
Output line: 239
Output line: 240
Output line: 241
Output line: 242
Output line: 243
Output line: 244
Output line: 245
Output line: 246
Output line: 247
Output line: 248
Output line: 249
Output line: 250
Output line: 251
Output line: 252
Output line: 253
Output line: 254
Output line: 255
Output line: 256
Output line: 257
Output line: 258
Output line: 259
Output line: 260
Output line: 261
Output line: 262
Output line: 263
Output line: 264
Output line: 265
Output line: 266
Output line: 267
Output line: 268
Output line: 269
Output line: 270
Output line: 271
Output line: 272
Output line: 273
Output line: 274
Output line: 275
Output line: 276
Output line: 277
Output line: 278
Output line: 279
Output line: 280
Output line: 281
Output line: 282
Output line: 283
Output line: 284
Output line: 285
Output line: 286
Output line: 287
Output line: 288
Output line: 289
Output line: 290
Output line: 291
Output line: 292
Output line: 293
Output line: 294
Output line: 295
Output line: 296
Output line: 297
Output line: 298
Output line: 299
Output line: 300
Output line: 301
Output line: 302
Output line: 303
Output line: 304
Output line: 305
Output line: 306
Output line: 307
Output line: 308
Output line: 309
Output line: 310
Output line: 311
Output line: 312
Output line: 313
Output line: 314
Output line: 315
Output line: 316
Output line: 317
Output line: 318
Output line: 319
Output line: 320
Output line: 321
Output line: 322
Output line: 323
Output line: 324
Output line: 325
Output line: 326
Output line: 327
Output line: 328
Output line: 329
Output line: 330
Output line: 331
Output line: 332
Output line: 333
Output line: 334
Output line: 335
Output line: 336
Output line: 337
Output line: 338
Output line: 339
Output line: 340
Output line: 341
Output line: 342
Output line: 343
Output line: 344
Output line: 345
Output line: 346
Output line: 347
Output line: 348
Output line: 349
Output line: 350
Output line: 351
Output line: 352
Output line: 353
Output line: 354
Output line: 355
Output line: 356
Output line: 357
Output line: 358
Output line: 359
Output line: 360
Output line: 361
Output line: 362
Output line: 363
Output line: 364
Output line: 365
Output line: 366
Output line: 367
Output line: 368
Output line: 369
Output line: 370
Output line: 371
Output line: 372
Output line: 373
Output line: 374
Output line: 375
Output line: 376
Output line: 377
Output line: 378
Output line: 379
Output line: 380
Output line: 381
Output line: 382
Output line: 383
Output line: 384
Output line: 385
Output line: 386
Output line: 387
Output line: 388
Output line: 389
Output line: 390
Output line: 391
Output line: 392
Output line: 393
Output line: 394
Output line: 395
Output line: 396
Output line: 397
Output line: 398
Output line: 399
Output line: 400
Output line: 401
Output line: 402
Output line: 403
Output line: 404
Output line: 405
Output line: 406
Output line: 407
Output line: 408
Output line: 409
Output line: 410
Output line: 411
Output line: 412
[...]
    </UnitTest>
    <UnitTest name="TestAccessCurrentDir" storage="d:\teamcity\9\31567\buildagent\work\d880c2a319ad14dc\myproject1.tests\bin\debug\myproject1.tests.dll" id="ce70169f-b8a6-7735-c31c-48ce2ca63f09">
      <Execution id="ccc1cf53-c933-43a1-a84a-b20dec7ef877" />
      <TestMethod codeBase="D:\TeamCity\9\31567\buildAgent\work\d880c2a319ad14dc\MyProject1.Tests\bin\Debug\MyProject1.Tests.dll" adapterTypeName="Microsoft.VisualStudio.TestTools.TestTypes.Unit.UnitTestAdapter" className="MyProject1.Tests.FileAccessTest" name="TestAccessCurrentDir" />
    </UnitTest>
    <UnitTest name="ShouldPass" storage="d:\teamcity\9\31567\buildagent\work\d880c2a319ad14dc\deployment\bin\debug\deployment.dll" id="56d2958d-bb49-ab7c-3dea-c7b66c7b16da">
      <Execution id="bd5664d3-a5df-404f-9a02-8228533f2569" />
      <TestMethod codeBase="D:\TeamCity\9\31567\buildAgent\work\d880c2a319ad14dc\Deployment\bin\Debug\Deployment.dll" adapterTypeName="Microsoft.VisualStudio.TestTools.TestTypes.Unit.UnitTestAdapter" className="Deployment.DeploymentTestClass" name="ShouldPass" />
    </UnitTest>
    <UnitTest name="ShoudPassWithDeployment" storage="d:\teamcity\9\31567\buildagent\work\d880c2a319ad14dc\deployment\bin\debug\deployment.dll" id="e179c87f-a38d-99e5-a92f-00781f24c6df">
      <Execution id="83f931da-6a24-4865-88b0-f28d8282bc47" />
      <TestMethod codeBase="D:\TeamCity\9\31567\buildAgent\work\d880c2a319ad14dc\Deployment\bin\Debug\Deployment.dll" adapterTypeName="Microsoft.VisualStudio.TestTools.TestTypes.Unit.UnitTestAdapter" className="Deployment.DeploymentTestClass" name="ShoudPassWithDeployment" />
    </UnitTest>
    <UnitTest name="TestSecondary" storage="d:\teamcity\9\31567\buildagent\work\d880c2a319ad14dc\secondarytests\bin\debug\secondarytests.dll" id="6cf5789a-3f5d-eb96-66d8-6808434abf51">
      <Execution id="fcef6892-93c0-463f-97ad-733d58576048" />
      <TestMethod codeBase="D:\TeamCity\9\31567\buildAgent\work\d880c2a319ad14dc\SecondaryTests\bin\Debug\SecondaryTests.dll" adapterTypeName="Microsoft.VisualStudio.TestTools.TestTypes.Unit.UnitTestAdapter" className="SecondaryTests.SecondaryTestsClass1" name="TestSecondary" />
    </UnitTest>
    <UnitTest name="SlowTest1" storage="d:\teamcity\9\31567\buildagent\work\d880c2a319ad14dc\primarytests\bin\debug\primarytests.dll" id="d647d066-3d24-a827-db30-679cf5165a58">
      <Execution id="ba4f46f8-f8bc-43ec-98ee-3267edec5715" />
      <TestMethod codeBase="D:\TeamCity\9\31567\buildAgent\work\d880c2a319ad14dc\PrimaryTests\bin\Debug\PrimaryTests.dll" adapterTypeName="Microsoft.VisualStudio.TestTools.TestTypes.Unit.UnitTestAdapter" className="PrimaryTests.CategorizedTests" name="SlowTest1" />
    </UnitTest>
    <UnitTest name="SlowTest2" storage="d:\teamcity\9\31567\buildagent\work\d880c2a319ad14dc\primarytests\bin\debug\primarytests.dll" id="56b21aba-d1ea-a13e-4e12-63b2e0bbb9d4">
      <Execution id="1111bd8b-6de8-48ce-bf13-12c0b866ecb2" />
      <TestMethod codeBase="D:\TeamCity\9\31567\buildAgent\work\d880c2a319ad14dc\PrimaryTests\bin\Debug\PrimaryTests.dll" adapterTypeName="Microsoft.VisualStudio.TestTools.TestTypes.Unit.UnitTestAdapter" className="PrimaryTests.CategorizedTests" name="SlowTest2" />
    </UnitTest>
    <UnitTest name="FastTest1" storage="d:\teamcity\9\31567\buildagent\work\d880c2a319ad14dc\primarytests\bin\debug\primarytests.dll" id="19af8c53-1224-c2da-22b5-6469f8c55132">
      <Execution id="7e13c32b-174c-4691-8834-54adfa0e0dd7" />
      <TestMethod codeBase="D:\TeamCity\9\31567\buildAgent\work\d880c2a319ad14dc\PrimaryTests\bin\Debug\PrimaryTests.dll" adapterTypeName="Microsoft.VisualStudio.TestTools.TestTypes.Unit.UnitTestAdapter" className="PrimaryTests.CategorizedTests" name="FastTest1" />
    </UnitTest>
    <UnitTest name="FastTest2" storage="d:\teamcity\9\31567\buildagent\work\d880c2a319ad14dc\primarytests\bin\debug\primarytests.dll" id="3f4215b2-44da-649c-e01f-5f42863f8f94">
      <Execution id="342d55b3-3011-4e9c-9032-beb94642e5f1" />
      <TestMethod codeBase="D:\TeamCity\9\31567\buildAgent\work\d880c2a319ad14dc\PrimaryTests\bin\Debug\PrimaryTests.dll" adapterTypeName="Microsoft.VisualStudio.TestTools.TestTypes.Unit.UnitTestAdapter" className="PrimaryTests.CategorizedTests" name="FastTest2" />
    </UnitTest>
    <UnitTest name="Priority1Test1" storage="d:\teamcity\9\31567\buildagent\work\d880c2a319ad14dc\primarytests\bin\debug\primarytests.dll" id="2dedcde9-3758-dbca-f1be-74603cdebf04">
      <Execution id="878f0b64-45d8-4f25-b953-263a90fd0d39" />
      <TestMethod codeBase="D:\TeamCity\9\31567\buildAgent\work\d880c2a319ad14dc\PrimaryTests\bin\Debug\PrimaryTests.dll" adapterTypeName="Microsoft.VisualStudio.TestTools.TestTypes.Unit.UnitTestAdapter" className="PrimaryTests.WithPrioritiesTest" name="Priority1Test1" />
    </UnitTest>
    <UnitTest name="Priority1Test2" storage="d:\teamcity\9\31567\buildagent\work\d880c2a319ad14dc\primarytests\bin\debug\primarytests.dll" id="59ae6ac3-ad35-8b17-6dfc-e798951cd0f3">
      <Execution id="8817164c-b440-44e5-80b1-39bdeccd8ce7" />
      <TestMethod codeBase="D:\TeamCity\9\31567\buildAgent\work\d880c2a319ad14dc\PrimaryTests\bin\Debug\PrimaryTests.dll" adapterTypeName="Microsoft.VisualStudio.TestTools.TestTypes.Unit.UnitTestAdapter" className="PrimaryTests.WithPrioritiesTest" name="Priority1Test2" />
    </UnitTest>
    <UnitTest name="Priority2Test1" storage="d:\teamcity\9\31567\buildagent\work\d880c2a319ad14dc\primarytests\bin\debug\primarytests.dll" id="70df687d-d60a-4ae5-af2e-83c17d70d0d4">
      <Execution id="b9e2541b-1368-486b-bfb1-76854792c65a" />
      <TestMethod codeBase="D:\TeamCity\9\31567\buildAgent\work\d880c2a319ad14dc\PrimaryTests\bin\Debug\PrimaryTests.dll" adapterTypeName="Microsoft.VisualStudio.TestTools.TestTypes.Unit.UnitTestAdapter" className="PrimaryTests.WithPrioritiesTest" name="Priority2Test1" />
    </UnitTest>
    <UnitTest name="Priority2Test2" storage="d:\teamcity\9\31567\buildagent\work\d880c2a319ad14dc\primarytests\bin\debug\primarytests.dll" id="34691fe2-c0e5-3c28-db8d-72a5caf0d1c8">
      <Execution id="b5d53672-80d3-4d1e-baf4-c95d4f6c0307" />
      <TestMethod codeBase="D:\TeamCity\9\31567\buildAgent\work\d880c2a319ad14dc\PrimaryTests\bin\Debug\PrimaryTests.dll" adapterTypeName="Microsoft.VisualStudio.TestTools.TestTypes.Unit.UnitTestAdapter" className="PrimaryTests.WithPrioritiesTest" name="Priority2Test2" />
    </UnitTest>
    <UnitTest name="Earth" storage="d:\teamcity\9\31567\buildagent\work\d880c2a319ad14dc\primarytests\bin\debug\primarytests.dll" id="82f97998-dd5f-a02d-91db-eb04c1fa5b52">
      <Execution id="fe276bc2-7e63-4b05-9237-c9ff8d660881" />
      <TestMethod codeBase="D:\TeamCity\9\31567\buildAgent\work\d880c2a319ad14dc\PrimaryTests\bin\Debug\PrimaryTests.dll" adapterTypeName="Microsoft.VisualStudio.TestTools.TestTypes.Unit.UnitTestAdapter" className="PrimaryTests.NamedTests" name="Earth" />
    </UnitTest>
    <UnitTest name="Fire" storage="d:\teamcity\9\31567\buildagent\work\d880c2a319ad14dc\primarytests\bin\debug\primarytests.dll" id="a1276c7f-cac9-0b9d-82bf-69635aab58a0">
      <Execution id="9fb15fc7-d74a-40b4-a650-7bcab6c07fe5" />
      <TestMethod codeBase="D:\TeamCity\9\31567\buildAgent\work\d880c2a319ad14dc\PrimaryTests\bin\Debug\PrimaryTests.dll" adapterTypeName="Microsoft.VisualStudio.TestTools.TestTypes.Unit.UnitTestAdapter" className="PrimaryTests.NamedTests" name="Fire" />
    </UnitTest>
    <UnitTest name="Air" storage="d:\teamcity\9\31567\buildagent\work\d880c2a319ad14dc\primarytests\bin\debug\primarytests.dll" id="5e62f8af-6472-9258-dd32-f15b249364c7">
      <Execution id="9f2712e2-6bfb-4ef7-bd9d-43bb3b6071a5" />
      <TestMethod codeBase="D:\TeamCity\9\31567\buildAgent\work\d880c2a319ad14dc\PrimaryTests\bin\Debug\PrimaryTests.dll" adapterTypeName="Microsoft.VisualStudio.TestTools.TestTypes.Unit.UnitTestAdapter" className="PrimaryTests.NamedTests" name="Air" />
    </UnitTest>
    <UnitTest name="Water" storage="d:\teamcity\9\31567\buildagent\work\d880c2a319ad14dc\primarytests\bin\debug\primarytests.dll" id="927bb944-0157-cf96-c369-44ab6b13850a">
      <Execution id="ae91a305-2253-449b-a4c1-29c731412232" />
      <TestMethod codeBase="D:\TeamCity\9\31567\buildAgent\work\d880c2a319ad14dc\PrimaryTests\bin\Debug\PrimaryTests.dll" adapterTypeName="Microsoft.VisualStudio.TestTools.TestTypes.Unit.UnitTestAdapter" className="PrimaryTests.NamedTests" name="Water" />
    </UnitTest>
    <UnitTest name="ShouldFail" storage="d:\teamcity\9\31567\buildagent\work\d880c2a319ad14dc\failedtests\bin\debug\failedtests.dll" id="5446c07e-5721-e4b8-6cab-3cb05fe81782">
      <Execution id="8ca2670e-9cdd-4768-849f-f345fa0d39db" />
      <TestMethod codeBase="D:\TeamCity\9\31567\buildAgent\work\d880c2a319ad14dc\FailedTests\bin\Debug\FailedTests.dll" adapterTypeName="Microsoft.VisualStudio.TestTools.TestTypes.Unit.UnitTestAdapter" className="FailedTests.FailedTestsContainer" name="ShouldFail" />
    </UnitTest>
    <UnitTest name="ShouldFailException" storage="d:\teamcity\9\31567\buildagent\work\d880c2a319ad14dc\failedtests\bin\debug\failedtests.dll" id="1403b16b-699a-142b-0903-39203d6530fd">
      <Execution id="73787f1b-3e71-4919-b9de-e900e2ff2710" />
      <TestMethod codeBase="D:\TeamCity\9\31567\buildAgent\work\d880c2a319ad14dc\FailedTests\bin\Debug\FailedTests.dll" adapterTypeName="Microsoft.VisualStudio.TestTools.TestTypes.Unit.UnitTestAdapter" className="FailedTests.FailedTestsContainer" name="ShouldFailException" />
    </UnitTest>
    <UnitTest name="TestIs32Bit" storage="d:\teamcity\9\31567\buildagent\work\d880c2a319ad14dc\environmenttests\bin\debug\environmenttests.dll" id="d04adfe6-f09c-41cb-5e4a-1200d9fb536d">
      <Execution id="7f8f90dc-2503-476a-9970-85fc8eed7d29" />
      <TestMethod codeBase="D:\TeamCity\9\31567\buildAgent\work\d880c2a319ad14dc\EnvironmentTests\bin\Debug\EnvironmentTests.dll" adapterTypeName="Microsoft.VisualStudio.TestTools.TestTypes.Unit.UnitTestAdapter" className="EnvironmentTests.EnvironmentTest" name="TestIs32Bit" />
    </UnitTest>
    <UnitTest name="TestIs64Bit" storage="d:\teamcity\9\31567\buildagent\work\d880c2a319ad14dc\environmenttests\bin\debug\environmenttests.dll" id="0ee098fd-8694-7033-3019-285a6160cb18">
      <Execution id="91c2fa89-8a94-4439-9bb6-d5e7916b2c8b" />
      <TestMethod codeBase="D:\TeamCity\9\31567\buildAgent\work\d880c2a319ad14dc\EnvironmentTests\bin\Debug\EnvironmentTests.dll" adapterTypeName="Microsoft.VisualStudio.TestTools.TestTypes.Unit.UnitTestAdapter" className="EnvironmentTests.EnvironmentTest" name="TestIs64Bit" />
    </UnitTest>
    <UnitTest name="TestSuccess" storage="d:\teamcity\9\31567\buildagent\work\d880c2a319ad14dc\myproject1.console.tests\bin\debug\myproject1.console.tests.exe" id="fd0f4740-130a-731e-9dee-9857fb076b30">
      <Execution id="e4d297a7-d536-435d-a7dd-2bcf37d793ff" />
      <TestMethod codeBase="D:\TeamCity\9\31567\buildAgent\work\d880c2a319ad14dc\MyProject1.Console.Tests\bin\Debug\MyProject1.Console.Tests.exe" adapterTypeName="Microsoft.VisualStudio.TestTools.TestTypes.Unit.UnitTestAdapter" className="MyProject1.Console.Tests.ProgramTest" name="TestSuccess" />
    </UnitTest>
  </TestDefinitions>
  <TestEntries>
    <TestEntry testId="24c952a0-7956-4996-1aed-46018bb0aa9f" executionId="ac10fdc6-5d1b-4ad6-844a-6cca00544666" testListId="8c84fa94-04c1-424b-9868-57a2d4851a1d" />
    <TestEntry testId="5fb0fcad-d8bd-a851-410f-7c07ca14bdfe" executionId="a88abca5-ded4-4bff-8d69-8e2fb48b3afe" testListId="8c84fa94-04c1-424b-9868-57a2d4851a1d" />
    <TestEntry testId="9f17d7c4-2399-ce95-df3d-6d5a1fff3ca8" executionId="f439cc08-01db-473f-8db4-65b0f5ddf3bb" testListId="8c84fa94-04c1-424b-9868-57a2d4851a1d" />
    <TestEntry testId="41056694-aa43-f68c-a446-38ce179ab23b" executionId="24786bbb-cc13-4b62-9342-f5621d3ca591" testListId="8c84fa94-04c1-424b-9868-57a2d4851a1d" />
    <TestEntry testId="3d085fa4-5ed0-6437-f2d1-69ccc86cd1eb" executionId="c2c57e0e-d1f1-473f-a215-8c72c63b86de" testListId="8c84fa94-04c1-424b-9868-57a2d4851a1d" />
    <TestEntry testId="e427472c-f1e4-11b1-d166-c652a91430b4" executionId="0cf6df2f-4782-47dd-92f3-253b02f86058" testListId="8c84fa94-04c1-424b-9868-57a2d4851a1d" />
    <TestEntry testId="87337a60-865b-7187-db14-be490401aea3" executionId="3c7b26a5-024e-4918-9c73-4206542208c3" testListId="8c84fa94-04c1-424b-9868-57a2d4851a1d" />
    <TestEntry testId="5a1ab383-75a2-592d-d346-560f6c18f242" executionId="55ff55c7-7144-47f9-94eb-8ca6bc41749a" testListId="8c84fa94-04c1-424b-9868-57a2d4851a1d" />
    <TestEntry testId="338020c5-b15e-fa0f-311d-a2b04264a3cb" executionId="1f342c8e-f202-42e2-8710-6d21fd4c1e0a" testListId="8c84fa94-04c1-424b-9868-57a2d4851a1d" />
    <TestEntry testId="43b7ce14-b43c-e494-a9d4-69f60d6be933" executionId="a9c6867c-d16c-4a76-b483-4857fa06a0fb" testListId="8c84fa94-04c1-424b-9868-57a2d4851a1d" />
    <TestEntry testId="993003c5-e89e-41f9-3f42-c90aada98195" executionId="6f5add51-fc6d-4970-ab64-aebad0d74785" testListId="8c84fa94-04c1-424b-9868-57a2d4851a1d" />
    <TestEntry testId="97ebfb39-60d4-49b3-70be-78fadef90dbc" executionId="0282bf57-8915-44c1-bbd6-0895b4802711" testListId="8c84fa94-04c1-424b-9868-57a2d4851a1d" />
    <TestEntry testId="9c8c76d4-4fa1-d85e-c96c-4af87bbbbf0a" executionId="718d09e1-a06b-4f39-ae1f-1319d0521db8" testListId="8c84fa94-04c1-424b-9868-57a2d4851a1d" />
    <TestEntry testId="670a562e-a847-7f9a-447c-7d357394452f" executionId="d138468f-282c-4d54-8b2b-b3ff5659731b" testListId="8c84fa94-04c1-424b-9868-57a2d4851a1d" />
    <TestEntry testId="eb3803b4-aee0-569b-504d-a019213989e7" executionId="f6bfeb1b-c284-4c2b-9f86-8505d4cbca6e" testListId="8c84fa94-04c1-424b-9868-57a2d4851a1d" />
    <TestEntry testId="9c910c79-1f85-5a8e-c516-59aa804b2a0d" executionId="6a202182-98b2-421b-aa56-96f79e32be43" testListId="8c84fa94-04c1-424b-9868-57a2d4851a1d" />
    <TestEntry testId="f5e18dab-93b6-78e3-0350-236cbaef9b84" executionId="0cfb8cea-2306-42df-9f44-40db16c11997" testListId="8c84fa94-04c1-424b-9868-57a2d4851a1d" />
    <TestEntry testId="ce7b94f9-d7bc-8600-de75-92083f858d15" executionId="d3109c3c-9857-4804-b7a5-43060fc78e19" testListId="8c84fa94-04c1-424b-9868-57a2d4851a1d" />
    <TestEntry testId="c15d6a47-8c4b-f893-bea7-8b05449045bb" executionId="831944ab-dd4c-42f8-aca3-fe604151ea8d" testListId="8c84fa94-04c1-424b-9868-57a2d4851a1d" />
    <TestEntry testId="8faeb9f5-7199-d004-6095-50c220725b21" executionId="6f00fc76-195f-4b60-9719-51f45ea89a5d" testListId="8c84fa94-04c1-424b-9868-57a2d4851a1d" />
    <TestEntry testId="7c3662d4-69e2-1aff-3eb3-e3c398377188" executionId="13199b1b-93b8-4db8-995f-dfa32c209b19" testListId="8c84fa94-04c1-424b-9868-57a2d4851a1d" />
    <TestEntry testId="c128cf24-15df-e67e-0c84-1562e9452ab1" executionId="77409242-0038-4cac-8c83-4fe489da24ca" testListId="8c84fa94-04c1-424b-9868-57a2d4851a1d" />
    <TestEntry testId="ec307294-b69a-da21-99d2-28d22694d764" executionId="67838592-208e-4f97-b0f4-d020e0dff1aa" testListId="8c84fa94-04c1-424b-9868-57a2d4851a1d" />
    <TestEntry testId="21fe2a30-030a-4729-4013-4d935bbb3c47" executionId="c39f7ffe-ad67-42b0-8811-ba86c726d5f9" testListId="8c84fa94-04c1-424b-9868-57a2d4851a1d" />
    <TestEntry testId="66ed6192-7989-cb4b-1753-a634db7777bb" executionId="2679046f-f728-4c87-bcc9-670d2f56f97a" testListId="8c84fa94-04c1-424b-9868-57a2d4851a1d" />
    <TestEntry testId="f8d97346-5094-f75d-6df3-91c84097079d" executionId="42842484-2a01-4b1c-a112-0faffe1d185a" testListId="8c84fa94-04c1-424b-9868-57a2d4851a1d" />
    <TestEntry testId="ce70169f-b8a6-7735-c31c-48ce2ca63f09" executionId="ccc1cf53-c933-43a1-a84a-b20dec7ef877" testListId="8c84fa94-04c1-424b-9868-57a2d4851a1d" />
    <TestEntry testId="56d2958d-bb49-ab7c-3dea-c7b66c7b16da" executionId="bd5664d3-a5df-404f-9a02-8228533f2569" testListId="8c84fa94-04c1-424b-9868-57a2d4851a1d" />
    <TestEntry testId="e179c87f-a38d-99e5-a92f-00781f24c6df" executionId="83f931da-6a24-4865-88b0-f28d8282bc47" testListId="8c84fa94-04c1-424b-9868-57a2d4851a1d" />
    <TestEntry testId="6cf5789a-3f5d-eb96-66d8-6808434abf51" executionId="fcef6892-93c0-463f-97ad-733d58576048" testListId="8c84fa94-04c1-424b-9868-57a2d4851a1d" />
    <TestEntry testId="d647d066-3d24-a827-db30-679cf5165a58" executionId="ba4f46f8-f8bc-43ec-98ee-3267edec5715" testListId="8c84fa94-04c1-424b-9868-57a2d4851a1d" />
    <TestEntry testId="56b21aba-d1ea-a13e-4e12-63b2e0bbb9d4" executionId="1111bd8b-6de8-48ce-bf13-12c0b866ecb2" testListId="8c84fa94-04c1-424b-9868-57a2d4851a1d" />
    <TestEntry testId="19af8c53-1224-c2da-22b5-6469f8c55132" executionId="7e13c32b-174c-4691-8834-54adfa0e0dd7" testListId="8c84fa94-04c1-424b-9868-57a2d4851a1d" />
    <TestEntry testId="3f4215b2-44da-649c-e01f-5f42863f8f94" executionId="342d55b3-3011-4e9c-9032-beb94642e5f1" testListId="8c84fa94-04c1-424b-9868-57a2d4851a1d" />
    <TestEntry testId="2dedcde9-3758-dbca-f1be-74603cdebf04" executionId="878f0b64-45d8-4f25-b953-263a90fd0d39" testListId="8c84fa94-04c1-424b-9868-57a2d4851a1d" />
    <TestEntry testId="59ae6ac3-ad35-8b17-6dfc-e798951cd0f3" executionId="8817164c-b440-44e5-80b1-39bdeccd8ce7" testListId="8c84fa94-04c1-424b-9868-57a2d4851a1d" />
    <TestEntry testId="70df687d-d60a-4ae5-af2e-83c17d70d0d4" executionId="b9e2541b-1368-486b-bfb1-76854792c65a" testListId="8c84fa94-04c1-424b-9868-57a2d4851a1d" />
    <TestEntry testId="34691fe2-c0e5-3c28-db8d-72a5caf0d1c8" executionId="b5d53672-80d3-4d1e-baf4-c95d4f6c0307" testListId="8c84fa94-04c1-424b-9868-57a2d4851a1d" />
    <TestEntry testId="82f97998-dd5f-a02d-91db-eb04c1fa5b52" executionId="fe276bc2-7e63-4b05-9237-c9ff8d660881" testListId="8c84fa94-04c1-424b-9868-57a2d4851a1d" />
    <TestEntry testId="a1276c7f-cac9-0b9d-82bf-69635aab58a0" executionId="9fb15fc7-d74a-40b4-a650-7bcab6c07fe5" testListId="8c84fa94-04c1-424b-9868-57a2d4851a1d" />
    <TestEntry testId="5e62f8af-6472-9258-dd32-f15b249364c7" executionId="9f2712e2-6bfb-4ef7-bd9d-43bb3b6071a5" testListId="8c84fa94-04c1-424b-9868-57a2d4851a1d" />
    <TestEntry testId="927bb944-0157-cf96-c369-44ab6b13850a" executionId="ae91a305-2253-449b-a4c1-29c731412232" testListId="8c84fa94-04c1-424b-9868-57a2d4851a1d" />
    <TestEntry testId="5446c07e-5721-e4b8-6cab-3cb05fe81782" executionId="8ca2670e-9cdd-4768-849f-f345fa0d39db" testListId="8c84fa94-04c1-424b-9868-57a2d4851a1d" />
    <TestEntry testId="1403b16b-699a-142b-0903-39203d6530fd" executionId="73787f1b-3e71-4919-b9de-e900e2ff2710" testListId="8c84fa94-04c1-424b-9868-57a2d4851a1d" />
    <TestEntry testId="d04adfe6-f09c-41cb-5e4a-1200d9fb536d" executionId="7f8f90dc-2503-476a-9970-85fc8eed7d29" testListId="8c84fa94-04c1-424b-9868-57a2d4851a1d" />
    <TestEntry testId="0ee098fd-8694-7033-3019-285a6160cb18" executionId="91c2fa89-8a94-4439-9bb6-d5e7916b2c8b" testListId="8c84fa94-04c1-424b-9868-57a2d4851a1d" />
    <TestEntry testId="fd0f4740-130a-731e-9dee-9857fb076b30" executionId="e4d297a7-d536-435d-a7dd-2bcf37d793ff" testListId="8c84fa94-04c1-424b-9868-57a2d4851a1d" />
  </TestEntries>
  <TestLists>
    <TestList name="Results Not in a List" id="8c84fa94-04c1-424b-9868-57a2d4851a1d" />
    <TestList name="All Loaded Results" id="19431567-8539-422a-85d7-44ee4e166bda" />
  </TestLists>
  <ResultSummary outcome="Failed">
    <Counters total="47" executed="47" passed="39" failed="8" error="0" timeout="0" aborted="0" inconclusive="0" passedButRunAborted="0" notRunnable="0" notExecuted="0" disconnected="0" warning="0" completed="0" inProgress="0" pending="0" />
    <RunInfos>
      <RunInfo computerName="UNIT-539" outcome="Warning" timestamp="2014-09-09T13:57:27.7813463+04:00">
        <Text>Diagnostic data adapter message: Could not find diagnostic data adapter 'Code Coverage'.  Make sure diagnostic data adapter is installed and try again.</Text>
      </RunInfo>
    </RunInfos>
  </ResultSummary>
</TestRun>